<?xml version="1.0" encoding="UTF-8"?>
<coverage generated="1593381097030" clover="3.2.0">
  <project timestamp="1593381097030" name="All files">
    <metrics statements="309" coveredstatements="247" conditionals="72" coveredconditionals="34" methods="62" coveredmethods="46" elements="443" coveredelements="327" complexity="0" loc="309" ncloc="309" packages="4" files="14" classes="14"/>
    <package name="client.src.components">
      <metrics statements="280" coveredstatements="222" conditionals="68" coveredconditionals="32" methods="56" coveredmethods="41"/>
      <file name="app.jsx" path="/Users/josef/Documents/HackReactor/HRSF128/calendar-service/client/src/components/app.jsx">
        <metrics statements="78" coveredstatements="67" conditionals="18" coveredconditionals="11" methods="15" coveredmethods="11"/>
        <line num="10" count="1" type="stmt"/>
        <line num="21" count="1" type="stmt"/>
        <line num="27" count="1" type="stmt"/>
        <line num="34" count="1" type="stmt"/>
        <line num="41" count="1" type="stmt"/>
        <line num="47" count="1" type="stmt"/>
        <line num="53" count="1" type="stmt"/>
        <line num="59" count="1" type="stmt"/>
        <line num="64" count="1" type="stmt"/>
        <line num="70" count="1" type="stmt"/>
        <line num="81" count="1" type="stmt"/>
        <line num="88" count="1" type="stmt"/>
        <line num="92" count="1" type="stmt"/>
        <line num="97" count="1" type="stmt"/>
        <line num="101" count="1" type="stmt"/>
        <line num="107" count="1" type="stmt"/>
        <line num="115" count="7" type="stmt"/>
        <line num="116" count="7" type="stmt"/>
        <line num="135" count="7" type="stmt"/>
        <line num="136" count="7" type="stmt"/>
        <line num="137" count="7" type="stmt"/>
        <line num="138" count="7" type="stmt"/>
        <line num="139" count="7" type="stmt"/>
        <line num="140" count="7" type="stmt"/>
        <line num="141" count="7" type="stmt"/>
        <line num="142" count="7" type="stmt"/>
        <line num="143" count="7" type="stmt"/>
        <line num="147" count="7" type="stmt"/>
        <line num="148" count="7" type="stmt"/>
        <line num="152" count="7" type="stmt"/>
        <line num="154" count="0" type="stmt"/>
        <line num="155" count="0" type="stmt"/>
        <line num="166" count="0" type="stmt"/>
        <line num="167" count="0" type="stmt"/>
        <line num="168" count="0" type="cond" truecount="0" falsecount="4"/>
        <line num="169" count="0" type="stmt"/>
        <line num="174" count="0" type="stmt"/>
        <line num="180" count="1" type="stmt"/>
        <line num="181" count="1" type="stmt"/>
        <line num="187" count="1" type="stmt"/>
        <line num="188" count="1" type="stmt"/>
        <line num="194" count="4" type="stmt"/>
        <line num="195" count="4" type="stmt"/>
        <line num="196" count="4" type="stmt"/>
        <line num="197" count="4" type="stmt"/>
        <line num="198" count="4" type="stmt"/>
        <line num="205" count="3" type="stmt"/>
        <line num="206" count="3" type="stmt"/>
        <line num="207" count="3" type="cond" truecount="6" falsecount="0"/>
        <line num="208" count="1" type="stmt"/>
        <line num="210" count="2" type="stmt"/>
        <line num="211" count="2" type="stmt"/>
        <line num="212" count="2" type="stmt"/>
        <line num="219" count="1" type="stmt"/>
        <line num="220" count="1" type="stmt"/>
        <line num="221" count="1" type="cond" truecount="1" falsecount="1"/>
        <line num="222" count="1" type="stmt"/>
        <line num="226" count="0" type="cond" truecount="0" falsecount="2"/>
        <line num="227" count="0" type="stmt"/>
        <line num="228" count="0" type="stmt"/>
        <line num="233" count="0" type="stmt"/>
        <line num="238" count="17" type="stmt"/>
        <line num="239" count="17" type="cond" truecount="4" falsecount="0"/>
        <line num="240" count="1" type="stmt"/>
        <line num="241" count="1" type="stmt"/>
        <line num="268" count="1" type="stmt"/>
        <line num="269" count="1" type="stmt"/>
        <line num="270" count="1" type="stmt"/>
        <line num="271" count="1" type="stmt"/>
        <line num="272" count="1" type="stmt"/>
        <line num="273" count="1" type="stmt"/>
        <line num="274" count="1" type="stmt"/>
        <line num="275" count="1" type="stmt"/>
        <line num="276" count="1" type="stmt"/>
        <line num="285" count="17" type="stmt"/>
        <line num="286" count="17" type="stmt"/>
        <line num="287" count="17" type="stmt"/>
        <line num="288" count="17" type="stmt"/>
      </file>
      <file name="calendar.jsx" path="/Users/josef/Documents/HackReactor/HRSF128/calendar-service/client/src/components/calendar.jsx">
        <metrics statements="123" coveredstatements="87" conditionals="44" coveredconditionals="18" methods="24" coveredmethods="17"/>
        <line num="7" count="4" type="stmt"/>
        <line num="13" count="4" type="stmt"/>
        <line num="19" count="4" type="stmt"/>
        <line num="23" count="4" type="stmt"/>
        <line num="36" count="4" type="stmt"/>
        <line num="40" count="4" type="stmt"/>
        <line num="45" count="4" type="stmt"/>
        <line num="54" count="4" type="stmt"/>
        <line num="60" count="4" type="stmt"/>
        <line num="71" count="4" type="stmt"/>
        <line num="82" count="4" type="stmt"/>
        <line num="88" count="4" type="stmt"/>
        <line num="93" count="4" type="stmt"/>
        <line num="103" count="1" type="stmt"/>
        <line num="104" count="1" type="stmt"/>
        <line num="110" count="1" type="stmt"/>
        <line num="111" count="1" type="stmt"/>
        <line num="112" count="1" type="stmt"/>
        <line num="113" count="1" type="stmt"/>
        <line num="114" count="1" type="stmt"/>
        <line num="115" count="1" type="stmt"/>
        <line num="116" count="1" type="stmt"/>
        <line num="117" count="1" type="stmt"/>
        <line num="118" count="1" type="stmt"/>
        <line num="119" count="1" type="stmt"/>
        <line num="124" count="262" type="stmt"/>
        <line num="128" count="0" type="stmt"/>
        <line num="132" count="262" type="stmt"/>
        <line num="136" count="2" type="stmt"/>
        <line num="140" count="2" type="stmt"/>
        <line num="145" count="2" type="stmt"/>
        <line num="146" count="2" type="stmt"/>
        <line num="147" count="2" type="stmt"/>
        <line num="148" count="4" type="stmt"/>
        <line num="150" count="2" type="stmt"/>
        <line num="154" count="2" type="stmt"/>
        <line num="155" count="2" type="stmt"/>
        <line num="156" count="2" type="stmt"/>
        <line num="157" count="61" type="stmt"/>
        <line num="159" count="2" type="stmt"/>
        <line num="163" count="2" type="stmt"/>
        <line num="164" count="2" type="stmt"/>
        <line num="165" count="2" type="stmt"/>
        <line num="166" count="2" type="stmt"/>
        <line num="167" count="2" type="stmt"/>
        <line num="168" count="2" type="stmt"/>
        <line num="169" count="65" type="stmt"/>
        <line num="170" count="65" type="cond" truecount="4" falsecount="0"/>
        <line num="171" count="10" type="stmt"/>
        <line num="172" count="10" type="stmt"/>
        <line num="175" count="2" type="stmt"/>
        <line num="180" count="2" type="stmt"/>
        <line num="181" count="14" type="stmt"/>
        <line num="185" count="2" type="stmt"/>
        <line num="186" count="2" type="stmt"/>
        <line num="187" count="2" type="stmt"/>
        <line num="188" count="10" type="stmt"/>
        <line num="190" count="65" type="cond" truecount="1" falsecount="1"/>
        <line num="191" count="0" type="stmt"/>
        <line num="192" count="0" type="stmt"/>
        <line num="196" count="65" type="cond" truecount="3" falsecount="1"/>
        <line num="197" count="0" type="stmt"/>
        <line num="198" count="65" type="cond" truecount="1" falsecount="1"/>
        <line num="199" count="0" type="stmt"/>
        <line num="200" count="65" type="cond" truecount="2" falsecount="0"/>
        <line num="201" count="4" type="stmt"/>
        <line num="203" count="61" type="stmt"/>
        <line num="204" count="0" type="stmt"/>
        <line num="215" count="0" type="stmt"/>
        <line num="216" count="0" type="stmt"/>
        <line num="223" count="0" type="stmt"/>
        <line num="224" count="0" type="stmt"/>
        <line num="233" count="65" type="stmt"/>
        <line num="235" count="65" type="stmt"/>
        <line num="236" count="65" type="stmt"/>
        <line num="237" count="0" type="stmt"/>
        <line num="238" count="0" type="stmt"/>
        <line num="239" count="0" type="stmt"/>
        <line num="240" count="0" type="stmt"/>
        <line num="241" count="0" type="stmt"/>
        <line num="242" count="0" type="cond" truecount="0" falsecount="4"/>
        <line num="243" count="0" type="stmt"/>
        <line num="246" count="65" type="stmt"/>
        <line num="250" count="65" type="stmt"/>
        <line num="252" count="65" type="stmt"/>
        <line num="253" count="65" type="cond" truecount="3" falsecount="1"/>
        <line num="254" count="65" type="stmt"/>
        <line num="255" count="65" type="stmt"/>
        <line num="256" count="65" type="stmt"/>
        <line num="257" count="65" type="stmt"/>
        <line num="258" count="65" type="cond" truecount="1" falsecount="1"/>
        <line num="259" count="0" type="stmt"/>
        <line num="262" count="65" type="stmt"/>
        <line num="266" count="260" type="cond" truecount="2" falsecount="0"/>
        <line num="267" count="88" type="stmt"/>
        <line num="269" count="260" type="stmt"/>
        <line num="270" count="260" type="stmt"/>
        <line num="271" count="260" type="stmt"/>
        <line num="272" count="260" type="cond" truecount="1" falsecount="1"/>
        <line num="273" count="260" type="stmt"/>
        <line num="275" count="260" type="stmt"/>
        <line num="276" count="260" type="stmt"/>
        <line num="277" count="260" type="stmt"/>
        <line num="281" count="0" type="stmt"/>
        <line num="282" count="0" type="stmt"/>
        <line num="283" count="0" type="stmt"/>
        <line num="284" count="0" type="stmt"/>
        <line num="285" count="0" type="stmt"/>
        <line num="286" count="0" type="cond" truecount="0" falsecount="2"/>
        <line num="287" count="0" type="stmt"/>
        <line num="290" count="0" type="stmt"/>
        <line num="296" count="0" type="stmt"/>
        <line num="297" count="0" type="stmt"/>
        <line num="298" count="0" type="cond" truecount="0" falsecount="2"/>
        <line num="299" count="0" type="cond" truecount="0" falsecount="4"/>
        <line num="300" count="0" type="stmt"/>
        <line num="301" count="0" type="cond" truecount="0" falsecount="4"/>
        <line num="302" count="0" type="stmt"/>
        <line num="303" count="0" type="stmt"/>
        <line num="304" count="0" type="cond" truecount="0" falsecount="4"/>
        <line num="305" count="0" type="stmt"/>
        <line num="312" count="1" type="stmt"/>
        <line num="313" count="1" type="stmt"/>
      </file>
      <file name="calendarPopUp.jsx" path="/Users/josef/Documents/HackReactor/HRSF128/calendar-service/client/src/components/calendarPopUp.jsx">
        <metrics statements="10" coveredstatements="10" conditionals="0" coveredconditionals="0" methods="1" coveredmethods="1"/>
        <line num="8" count="3" type="stmt"/>
        <line num="13" count="3" type="stmt"/>
        <line num="19" count="3" type="stmt"/>
        <line num="28" count="3" type="stmt"/>
        <line num="31" count="3" type="stmt"/>
        <line num="34" count="3" type="stmt"/>
        <line num="41" count="3" type="stmt"/>
        <line num="42" count="1" type="stmt"/>
        <line num="43" count="1" type="stmt"/>
        <line num="44" count="1" type="stmt"/>
      </file>
      <file name="checkIn.jsx" path="/Users/josef/Documents/HackReactor/HRSF128/calendar-service/client/src/components/checkIn.jsx">
        <metrics statements="5" coveredstatements="5" conditionals="0" coveredconditionals="0" methods="1" coveredmethods="1"/>
        <line num="4" count="5" type="stmt"/>
        <line num="11" count="5" type="stmt"/>
        <line num="18" count="5" type="stmt"/>
        <line num="19" count="3" type="stmt"/>
        <line num="20" count="3" type="stmt"/>
      </file>
      <file name="checkOut.jsx" path="/Users/josef/Documents/HackReactor/HRSF128/calendar-service/client/src/components/checkOut.jsx">
        <metrics statements="5" coveredstatements="5" conditionals="0" coveredconditionals="0" methods="1" coveredmethods="1"/>
        <line num="4" count="5" type="stmt"/>
        <line num="11" count="5" type="stmt"/>
        <line num="18" count="5" type="stmt"/>
        <line num="19" count="3" type="stmt"/>
        <line num="20" count="3" type="stmt"/>
      </file>
      <file name="closeButton.jsx" path="/Users/josef/Documents/HackReactor/HRSF128/calendar-service/client/src/components/closeButton.jsx">
        <metrics statements="5" coveredstatements="5" conditionals="0" coveredconditionals="0" methods="1" coveredmethods="1"/>
        <line num="4" count="4" type="stmt"/>
        <line num="11" count="4" type="stmt"/>
        <line num="24" count="4" type="stmt"/>
        <line num="25" count="2" type="stmt"/>
        <line num="26" count="2" type="stmt"/>
      </file>
      <file name="datePicker.jsx" path="/Users/josef/Documents/HackReactor/HRSF128/calendar-service/client/src/components/datePicker.jsx">
        <metrics statements="5" coveredstatements="5" conditionals="0" coveredconditionals="0" methods="1" coveredmethods="1"/>
        <line num="7" count="2" type="stmt"/>
        <line num="13" count="2" type="stmt"/>
        <line num="14" count="2" type="stmt"/>
        <line num="15" count="2" type="stmt"/>
        <line num="25" count="2" type="stmt"/>
      </file>
      <file name="guest.jsx" path="/Users/josef/Documents/HackReactor/HRSF128/calendar-service/client/src/components/guest.jsx">
        <metrics statements="19" coveredstatements="13" conditionals="4" coveredconditionals="2" methods="3" coveredmethods="3"/>
        <line num="6" count="2" type="stmt"/>
        <line num="12" count="2" type="stmt"/>
        <line num="20" count="2" type="stmt"/>
        <line num="28" count="2" type="stmt"/>
        <line num="29" count="3" type="stmt"/>
        <line num="30" count="3" type="stmt"/>
        <line num="31" count="3" type="cond" truecount="1" falsecount="1"/>
        <line num="32" count="0" type="stmt"/>
        <line num="38" count="3" type="stmt"/>
        <line num="45" count="3" type="stmt"/>
        <line num="46" count="3" type="cond" truecount="1" falsecount="1"/>
        <line num="47" count="0" type="stmt"/>
        <line num="48" count="0" type="stmt"/>
        <line num="49" count="0" type="stmt"/>
        <line num="50" count="0" type="stmt"/>
        <line num="51" count="0" type="stmt"/>
        <line num="63" count="3" type="stmt"/>
        <line num="64" count="3" type="stmt"/>
        <line num="79" count="2" type="stmt"/>
      </file>
      <file name="guestDropdown.jsx" path="/Users/josef/Documents/HackReactor/HRSF128/calendar-service/client/src/components/guestDropdown.jsx">
        <metrics statements="18" coveredstatements="14" conditionals="0" coveredconditionals="0" methods="7" coveredmethods="3"/>
        <line num="5" count="3" type="stmt"/>
        <line num="10" count="3" type="stmt"/>
        <line num="15" count="3" type="stmt"/>
        <line num="21" count="3" type="stmt"/>
        <line num="26" count="3" type="stmt"/>
        <line num="38" count="3" type="stmt"/>
        <line num="43" count="3" type="stmt"/>
        <line num="44" count="3" type="stmt"/>
        <line num="45" count="3" type="stmt"/>
        <line num="46" count="3" type="stmt"/>
        <line num="47" count="3" type="stmt"/>
        <line num="52" count="0" type="stmt"/>
        <line num="56" count="1" type="stmt"/>
        <line num="65" count="1" type="stmt"/>
        <line num="69" count="0" type="stmt"/>
        <line num="78" count="0" type="stmt"/>
        <line num="82" count="0" type="stmt"/>
        <line num="93" count="3" type="stmt"/>
      </file>
      <file name="modal.jsx" path="/Users/josef/Documents/HackReactor/HRSF128/calendar-service/client/src/components/modal.jsx">
        <metrics statements="12" coveredstatements="11" conditionals="2" coveredconditionals="1" methods="2" coveredmethods="2"/>
        <line num="5" count="2" type="stmt"/>
        <line num="12" count="2" type="stmt"/>
        <line num="15" count="2" type="stmt"/>
        <line num="18" count="2" type="stmt"/>
        <line num="31" count="2" type="stmt"/>
        <line num="32" count="2" type="stmt"/>
        <line num="33" count="2" type="stmt"/>
        <line num="34" count="2" type="stmt"/>
        <line num="35" count="2" type="cond" truecount="1" falsecount="1"/>
        <line num="36" count="0" type="stmt"/>
        <line num="52" count="2" type="stmt"/>
        <line num="57" count="2" type="stmt"/>
      </file>
    </package>
    <package name="client.src.components.icons">
      <metrics statements="6" coveredstatements="6" conditionals="0" coveredconditionals="0" methods="2" coveredmethods="2"/>
      <file name="leftArrowSVG.jsx" path="/Users/josef/Documents/HackReactor/HRSF128/calendar-service/client/src/components/icons/leftArrowSVG.jsx">
        <metrics statements="3" coveredstatements="3" conditionals="0" coveredconditionals="0" methods="1" coveredmethods="1"/>
        <line num="4" count="5" type="stmt"/>
        <line num="11" count="5" type="stmt"/>
        <line num="12" count="1" type="stmt"/>
      </file>
      <file name="rightArrowSVG.jsx" path="/Users/josef/Documents/HackReactor/HRSF128/calendar-service/client/src/components/icons/rightArrowSVG.jsx">
        <metrics statements="3" coveredstatements="3" conditionals="0" coveredconditionals="0" methods="1" coveredmethods="1"/>
        <line num="4" count="5" type="stmt"/>
        <line num="11" count="5" type="stmt"/>
        <line num="12" count="1" type="stmt"/>
      </file>
    </package>
    <package name="db">
      <metrics statements="2" coveredstatements="2" conditionals="0" coveredconditionals="0" methods="0" coveredmethods="0"/>
      <file name="index.js" path="/Users/josef/Documents/HackReactor/HRSF128/calendar-service/db/index.js">
        <metrics statements="2" coveredstatements="2" conditionals="0" coveredconditionals="0" methods="0" coveredmethods="0"/>
        <line num="1" count="1" type="stmt"/>
        <line num="4" count="1" type="stmt"/>
      </file>
    </package>
    <package name="server">
      <metrics statements="21" coveredstatements="17" conditionals="4" coveredconditionals="2" methods="4" coveredmethods="3"/>
      <file name="index.js" path="/Users/josef/Documents/HackReactor/HRSF128/calendar-service/server/index.js">
        <metrics statements="21" coveredstatements="17" conditionals="4" coveredconditionals="2" methods="4" coveredmethods="3"/>
        <line num="1" count="1" type="stmt"/>
        <line num="2" count="1" type="stmt"/>
        <line num="3" count="1" type="stmt"/>
        <line num="5" count="1" type="stmt"/>
        <line num="7" count="1" type="stmt"/>
        <line num="10" count="1" type="stmt"/>
        <line num="11" count="1" type="stmt"/>
        <line num="12" count="1" type="stmt"/>
        <line num="13" count="1" type="stmt"/>
        <line num="14" count="1" type="cond" truecount="1" falsecount="1"/>
        <line num="15" count="0" type="stmt"/>
        <line num="17" count="1" type="stmt"/>
        <line num="18" count="1" type="stmt"/>
        <line num="19" count="1" type="cond" truecount="1" falsecount="1"/>
        <line num="20" count="0" type="stmt"/>
        <line num="22" count="1" type="stmt"/>
        <line num="23" count="1" type="stmt"/>
        <line num="30" count="1" type="stmt"/>
        <line num="31" count="0" type="stmt"/>
        <line num="32" count="0" type="stmt"/>
        <line num="35" count="1" type="stmt"/>
      </file>
    </package>
  </project>
</coverage>
