{"/Users/josef/Documents/HackReactor/HRSF128/calendar-service/client/src/components/app.jsx": {"path":"/Users/josef/Documents/HackReactor/HRSF128/calendar-service/client/src/components/app.jsx","statementMap":{"0":{"start":{"line":7,"column":22},"end":{"line":14,"column":1}},"1":{"start":{"line":15,"column":22},"end":{"line":18,"column":1}},"2":{"start":{"line":19,"column":18},"end":{"line":22,"column":1}},"3":{"start":{"line":23,"column":17},"end":{"line":26,"column":1}},"4":{"start":{"line":27,"column":19},"end":{"line":30,"column":1}},"5":{"start":{"line":31,"column":22},"end":{"line":35,"column":1}},"6":{"start":{"line":36,"column":20},"end":{"line":40,"column":1}},"7":{"start":{"line":41,"column":18},"end":{"line":45,"column":1}},"8":{"start":{"line":46,"column":18},"end":{"line":51,"column":1}},"9":{"start":{"line":52,"column":15},"end":{"line":58,"column":1}},"10":{"start":{"line":62,"column":4},"end":{"line":62,"column":17}},"11":{"start":{"line":63,"column":4},"end":{"line":75,"column":6}},"12":{"start":{"line":76,"column":4},"end":{"line":76,"column":51}},"13":{"start":{"line":77,"column":4},"end":{"line":77,"column":59}},"14":{"start":{"line":78,"column":4},"end":{"line":78,"column":61}},"15":{"start":{"line":82,"column":4},"end":{"line":82,"column":23}},"16":{"start":{"line":86,"column":4},"end":{"line":97,"column":9}},"17":{"start":{"line":88,"column":29},"end":{"line":88,"column":50}},"18":{"start":{"line":89,"column":8},"end":{"line":96,"column":11}},"19":{"start":{"line":101,"column":4},"end":{"line":103,"column":7}},"20":{"start":{"line":107,"column":21},"end":{"line":107,"column":29}},"21":{"start":{"line":110,"column":4},"end":{"line":119,"column":5}},"22":{"start":{"line":111,"column":6},"end":{"line":111,"column":38}},"23":{"start":{"line":112,"column":6},"end":{"line":112,"column":48}},"24":{"start":{"line":114,"column":6},"end":{"line":116,"column":7}},"25":{"start":{"line":115,"column":8},"end":{"line":115,"column":15}},"26":{"start":{"line":117,"column":6},"end":{"line":117,"column":38}},"27":{"start":{"line":118,"column":6},"end":{"line":118,"column":48}},"28":{"start":{"line":120,"column":4},"end":{"line":123,"column":7}},"29":{"start":{"line":135,"column":28},"end":{"line":135,"column":38}},"30":{"start":{"line":136,"column":30},"end":{"line":136,"column":40}},"31":{"start":{"line":137,"column":29},"end":{"line":137,"column":39}},"32":{"start":{"line":138,"column":36},"end":{"line":138,"column":46}},"33":{"start":{"line":139,"column":27},"end":{"line":139,"column":37}},"34":{"start":{"line":140,"column":23},"end":{"line":140,"column":33}},"35":{"start":{"line":141,"column":30},"end":{"line":141,"column":40}},"36":{"start":{"line":142,"column":24},"end":{"line":142,"column":34}},"37":{"start":{"line":143,"column":4},"end":{"line":175,"column":6}}},"fnMap":{"0":{"name":"(anonymous_0)","decl":{"start":{"line":61,"column":2},"end":{"line":61,"column":3}},"loc":{"start":{"line":61,"column":21},"end":{"line":79,"column":3}},"line":61},"1":{"name":"(anonymous_1)","decl":{"start":{"line":81,"column":2},"end":{"line":81,"column":3}},"loc":{"start":{"line":81,"column":22},"end":{"line":83,"column":3}},"line":81},"2":{"name":"(anonymous_2)","decl":{"start":{"line":85,"column":2},"end":{"line":85,"column":3}},"loc":{"start":{"line":85,"column":16},"end":{"line":98,"column":3}},"line":85},"3":{"name":"(anonymous_3)","decl":{"start":{"line":87,"column":12},"end":{"line":87,"column":13}},"loc":{"start":{"line":87,"column":25},"end":{"line":97,"column":7}},"line":87},"4":{"name":"(anonymous_4)","decl":{"start":{"line":100,"column":2},"end":{"line":100,"column":3}},"loc":{"start":{"line":100,"column":20},"end":{"line":104,"column":3}},"line":100},"5":{"name":"(anonymous_5)","decl":{"start":{"line":106,"column":2},"end":{"line":106,"column":3}},"loc":{"start":{"line":106,"column":22},"end":{"line":124,"column":3}},"line":106},"6":{"name":"(anonymous_6)","decl":{"start":{"line":134,"column":2},"end":{"line":134,"column":3}},"loc":{"start":{"line":134,"column":11},"end":{"line":176,"column":3}},"line":134}},"branchMap":{"0":{"loc":{"start":{"line":110,"column":4},"end":{"line":119,"column":5}},"type":"if","locations":[{"start":{"line":110,"column":4},"end":{"line":119,"column":5}},{"start":{"line":110,"column":4},"end":{"line":119,"column":5}}],"line":110},"1":{"loc":{"start":{"line":114,"column":6},"end":{"line":116,"column":7}},"type":"if","locations":[{"start":{"line":114,"column":6},"end":{"line":116,"column":7}},{"start":{"line":114,"column":6},"end":{"line":116,"column":7}}],"line":114}},"s":{"0":1,"1":1,"2":1,"3":1,"4":1,"5":1,"6":1,"7":1,"8":1,"9":1,"10":1,"11":1,"12":1,"13":1,"14":1,"15":1,"16":1,"17":0,"18":0,"19":0,"20":0,"21":0,"22":0,"23":0,"24":0,"25":0,"26":0,"27":0,"28":0,"29":1,"30":1,"31":1,"32":1,"33":1,"34":1,"35":1,"36":1,"37":1},"f":{"0":1,"1":1,"2":1,"3":0,"4":0,"5":0,"6":1},"b":{"0":[0,0],"1":[0,0]},"_coverageSchema":"1a1c01bbd47fc00a2c39e90264f33305004495a9","hash":"9c82345f3d499bee2f1dacbc67657713947b6d14"}
,"/Users/josef/Documents/HackReactor/HRSF128/calendar-service/client/src/components/guest.jsx": {"path":"/Users/josef/Documents/HackReactor/HRSF128/calendar-service/client/src/components/guest.jsx","statementMap":{"0":{"start":{"line":6,"column":21},"end":{"line":10,"column":1}},"1":{"start":{"line":11,"column":18},"end":{"line":16,"column":1}},"2":{"start":{"line":17,"column":22},"end":{"line":20,"column":1}},"3":{"start":{"line":22,"column":14},"end":{"line":68,"column":1}},"4":{"start":{"line":23,"column":25},"end":{"line":37,"column":3}},"5":{"start":{"line":24,"column":27},"end":{"line":24,"column":32}},"6":{"start":{"line":25,"column":4},"end":{"line":31,"column":5}},"7":{"start":{"line":26,"column":6},"end":{"line":30,"column":8}},"8":{"start":{"line":32,"column":4},"end":{"line":36,"column":6}},"9":{"start":{"line":39,"column":22},"end":{"line":54,"column":3}},"10":{"start":{"line":40,"column":4},"end":{"line":53,"column":5}},"11":{"start":{"line":41,"column":35},"end":{"line":41,"column":40}},"12":{"start":{"line":42,"column":25},"end":{"line":42,"column":30}},"13":{"start":{"line":43,"column":32},"end":{"line":43,"column":37}},"14":{"start":{"line":44,"column":26},"end":{"line":44,"column":31}},"15":{"start":{"line":45,"column":6},"end":{"line":52,"column":8}},"16":{"start":{"line":56,"column":30},"end":{"line":56,"column":35}},"17":{"start":{"line":57,"column":2},"end":{"line":67,"column":4}},"18":{"start":{"line":72,"column":0},"end":{"line":80,"column":2}}},"fnMap":{"0":{"name":"(anonymous_0)","decl":{"start":{"line":22,"column":14},"end":{"line":22,"column":15}},"loc":{"start":{"line":22,"column":25},"end":{"line":68,"column":1}},"line":22},"1":{"name":"(anonymous_1)","decl":{"start":{"line":23,"column":25},"end":{"line":23,"column":26}},"loc":{"start":{"line":23,"column":31},"end":{"line":37,"column":3}},"line":23},"2":{"name":"(anonymous_2)","decl":{"start":{"line":39,"column":22},"end":{"line":39,"column":23}},"loc":{"start":{"line":39,"column":28},"end":{"line":54,"column":3}},"line":39}},"branchMap":{"0":{"loc":{"start":{"line":25,"column":4},"end":{"line":31,"column":5}},"type":"if","locations":[{"start":{"line":25,"column":4},"end":{"line":31,"column":5}},{"start":{"line":25,"column":4},"end":{"line":31,"column":5}}],"line":25},"1":{"loc":{"start":{"line":40,"column":4},"end":{"line":53,"column":5}},"type":"if","locations":[{"start":{"line":40,"column":4},"end":{"line":53,"column":5}},{"start":{"line":40,"column":4},"end":{"line":53,"column":5}}],"line":40}},"s":{"0":2,"1":2,"2":2,"3":2,"4":3,"5":3,"6":3,"7":0,"8":3,"9":3,"10":3,"11":0,"12":0,"13":0,"14":0,"15":0,"16":3,"17":3,"18":2},"f":{"0":3,"1":3,"2":3},"b":{"0":[0,3],"1":[0,3]},"_coverageSchema":"1a1c01bbd47fc00a2c39e90264f33305004495a9","hash":"3d23546bc473e7ac1c7d2e07a6d11123bcf75568"}
,"/Users/josef/Documents/HackReactor/HRSF128/calendar-service/client/src/components/guestDropdown.jsx": {"path":"/Users/josef/Documents/HackReactor/HRSF128/calendar-service/client/src/components/guestDropdown.jsx","statementMap":{"0":{"start":{"line":5,"column":23},"end":{"line":9,"column":1}},"1":{"start":{"line":10,"column":16},"end":{"line":12,"column":1}},"2":{"start":{"line":13,"column":16},"end":{"line":15,"column":1}},"3":{"start":{"line":16,"column":22},"end":{"line":19,"column":1}},"4":{"start":{"line":20,"column":15},"end":{"line":24,"column":1}},"5":{"start":{"line":25,"column":22},"end":{"line":59,"column":1}},"6":{"start":{"line":26,"column":21},"end":{"line":26,"column":26}},"7":{"start":{"line":27,"column":28},"end":{"line":27,"column":33}},"8":{"start":{"line":28,"column":22},"end":{"line":28,"column":27}},"9":{"start":{"line":29,"column":2},"end":{"line":58,"column":4}},"10":{"start":{"line":34,"column":34},"end":{"line":34,"column":59}},"11":{"start":{"line":36,"column":34},"end":{"line":36,"column":59}},"12":{"start":{"line":43,"column":34},"end":{"line":43,"column":59}},"13":{"start":{"line":45,"column":34},"end":{"line":45,"column":59}},"14":{"start":{"line":52,"column":34},"end":{"line":52,"column":59}},"15":{"start":{"line":54,"column":34},"end":{"line":54,"column":59}},"16":{"start":{"line":63,"column":0},"end":{"line":68,"column":2}}},"fnMap":{"0":{"name":"(anonymous_0)","decl":{"start":{"line":25,"column":22},"end":{"line":25,"column":23}},"loc":{"start":{"line":25,"column":33},"end":{"line":59,"column":1}},"line":25},"1":{"name":"(anonymous_1)","decl":{"start":{"line":34,"column":27},"end":{"line":34,"column":28}},"loc":{"start":{"line":34,"column":34},"end":{"line":34,"column":59}},"line":34},"2":{"name":"(anonymous_2)","decl":{"start":{"line":36,"column":27},"end":{"line":36,"column":28}},"loc":{"start":{"line":36,"column":34},"end":{"line":36,"column":59}},"line":36},"3":{"name":"(anonymous_3)","decl":{"start":{"line":43,"column":27},"end":{"line":43,"column":28}},"loc":{"start":{"line":43,"column":34},"end":{"line":43,"column":59}},"line":43},"4":{"name":"(anonymous_4)","decl":{"start":{"line":45,"column":27},"end":{"line":45,"column":28}},"loc":{"start":{"line":45,"column":34},"end":{"line":45,"column":59}},"line":45},"5":{"name":"(anonymous_5)","decl":{"start":{"line":52,"column":27},"end":{"line":52,"column":28}},"loc":{"start":{"line":52,"column":34},"end":{"line":52,"column":59}},"line":52},"6":{"name":"(anonymous_6)","decl":{"start":{"line":54,"column":27},"end":{"line":54,"column":28}},"loc":{"start":{"line":54,"column":34},"end":{"line":54,"column":59}},"line":54}},"branchMap":{},"s":{"0":3,"1":3,"2":3,"3":3,"4":3,"5":3,"6":2,"7":2,"8":2,"9":2,"10":0,"11":1,"12":0,"13":0,"14":0,"15":0,"16":3},"f":{"0":2,"1":0,"2":1,"3":0,"4":0,"5":0,"6":0},"b":{},"_coverageSchema":"1a1c01bbd47fc00a2c39e90264f33305004495a9","hash":"c2a014a539b20948b4a7794cdd7ad1d308feb38d"}
}
