{"/Users/josef/Documents/HackReactor/HRSF128/calendar-service/client/src/components/app.jsx": {"path":"/Users/josef/Documents/HackReactor/HRSF128/calendar-service/client/src/components/app.jsx","statementMap":{"0":{"start":{"line":10,"column":22},"end":{"line":20,"column":1}},"1":{"start":{"line":21,"column":22},"end":{"line":26,"column":1}},"2":{"start":{"line":27,"column":18},"end":{"line":33,"column":1}},"3":{"start":{"line":34,"column":23},"end":{"line":39,"column":1}},"4":{"start":{"line":41,"column":22},"end":{"line":46,"column":1}},"5":{"start":{"line":47,"column":20},"end":{"line":52,"column":1}},"6":{"start":{"line":53,"column":21},"end":{"line":58,"column":1}},"7":{"start":{"line":59,"column":18},"end":{"line":63,"column":1}},"8":{"start":{"line":64,"column":18},"end":{"line":69,"column":1}},"9":{"start":{"line":70,"column":15},"end":{"line":79,"column":1}},"10":{"start":{"line":81,"column":27},"end":{"line":86,"column":1}},"11":{"start":{"line":88,"column":24},"end":{"line":90,"column":1}},"12":{"start":{"line":92,"column":21},"end":{"line":95,"column":1}},"13":{"start":{"line":97,"column":18},"end":{"line":99,"column":1}},"14":{"start":{"line":101,"column":21},"end":{"line":105,"column":1}},"15":{"start":{"line":107,"column":17},"end":{"line":111,"column":1}},"16":{"start":{"line":115,"column":4},"end":{"line":115,"column":17}},"17":{"start":{"line":116,"column":4},"end":{"line":134,"column":6}},"18":{"start":{"line":135,"column":4},"end":{"line":135,"column":51}},"19":{"start":{"line":136,"column":4},"end":{"line":136,"column":51}},"20":{"start":{"line":137,"column":4},"end":{"line":137,"column":59}},"21":{"start":{"line":138,"column":4},"end":{"line":138,"column":57}},"22":{"start":{"line":139,"column":4},"end":{"line":139,"column":55}},"23":{"start":{"line":140,"column":4},"end":{"line":140,"column":59}},"24":{"start":{"line":141,"column":4},"end":{"line":141,"column":51}},"25":{"start":{"line":142,"column":4},"end":{"line":142,"column":49}},"26":{"start":{"line":143,"column":4},"end":{"line":143,"column":59}},"27":{"start":{"line":147,"column":19},"end":{"line":147,"column":57}},"28":{"start":{"line":148,"column":4},"end":{"line":148,"column":29}},"29":{"start":{"line":152,"column":4},"end":{"line":162,"column":9}},"30":{"start":{"line":154,"column":29},"end":{"line":154,"column":50}},"31":{"start":{"line":155,"column":8},"end":{"line":161,"column":11}},"32":{"start":{"line":166,"column":19},"end":{"line":166,"column":57}},"33":{"start":{"line":167,"column":34},"end":{"line":167,"column":44}},"34":{"start":{"line":168,"column":4},"end":{"line":176,"column":5}},"35":{"start":{"line":169,"column":6},"end":{"line":175,"column":11}},"36":{"start":{"line":174,"column":10},"end":{"line":174,"column":29}},"37":{"start":{"line":180,"column":36},"end":{"line":180,"column":46}},"38":{"start":{"line":181,"column":4},"end":{"line":183,"column":7}},"39":{"start":{"line":187,"column":29},"end":{"line":187,"column":39}},"40":{"start":{"line":188,"column":4},"end":{"line":190,"column":7}},"41":{"start":{"line":194,"column":21},"end":{"line":194,"column":29}},"42":{"start":{"line":195,"column":27},"end":{"line":195,"column":37}},"43":{"start":{"line":196,"column":21},"end":{"line":196,"column":41}},"44":{"start":{"line":197,"column":26},"end":{"line":197,"column":40}},"45":{"start":{"line":198,"column":4},"end":{"line":201,"column":7}},"46":{"start":{"line":205,"column":21},"end":{"line":205,"column":29}},"47":{"start":{"line":206,"column":27},"end":{"line":206,"column":37}},"48":{"start":{"line":207,"column":4},"end":{"line":209,"column":5}},"49":{"start":{"line":208,"column":6},"end":{"line":208,"column":13}},"50":{"start":{"line":210,"column":21},"end":{"line":210,"column":41}},"51":{"start":{"line":211,"column":26},"end":{"line":211,"column":40}},"52":{"start":{"line":212,"column":4},"end":{"line":215,"column":7}},"53":{"start":{"line":219,"column":27},"end":{"line":219,"column":37}},"54":{"start":{"line":220,"column":26},"end":{"line":220,"column":40}},"55":{"start":{"line":221,"column":4},"end":{"line":234,"column":5}},"56":{"start":{"line":222,"column":6},"end":{"line":225,"column":9}},"57":{"start":{"line":226,"column":11},"end":{"line":234,"column":5}},"58":{"start":{"line":227,"column":31},"end":{"line":227,"column":41}},"59":{"start":{"line":228,"column":6},"end":{"line":232,"column":9}},"60":{"start":{"line":233,"column":6},"end":{"line":233,"column":50}},"61":{"start":{"line":233,"column":23},"end":{"line":233,"column":45}},"62":{"start":{"line":238,"column":34},"end":{"line":238,"column":44}},"63":{"start":{"line":239,"column":4},"end":{"line":264,"column":5}},"64":{"start":{"line":240,"column":83},"end":{"line":240,"column":93}},"65":{"start":{"line":241,"column":6},"end":{"line":263,"column":8}},"66":{"start":{"line":268,"column":34},"end":{"line":268,"column":44}},"67":{"start":{"line":269,"column":41},"end":{"line":269,"column":51}},"68":{"start":{"line":270,"column":19},"end":{"line":270,"column":34}},"69":{"start":{"line":271,"column":20},"end":{"line":271,"column":36}},"70":{"start":{"line":272,"column":25},"end":{"line":272,"column":63}},"71":{"start":{"line":273,"column":29},"end":{"line":273,"column":55}},"72":{"start":{"line":274,"column":21},"end":{"line":274,"column":60}},"73":{"start":{"line":275,"column":21},"end":{"line":275,"column":62}},"74":{"start":{"line":276,"column":4},"end":{"line":281,"column":7}},"75":{"start":{"line":285,"column":78},"end":{"line":285,"column":88}},"76":{"start":{"line":286,"column":59},"end":{"line":286,"column":69}},"77":{"start":{"line":287,"column":74},"end":{"line":287,"column":84}},"78":{"start":{"line":288,"column":4},"end":{"line":338,"column":6}}},"fnMap":{"0":{"name":"(anonymous_0)","decl":{"start":{"line":114,"column":2},"end":{"line":114,"column":3}},"loc":{"start":{"line":114,"column":21},"end":{"line":144,"column":3}},"line":114},"1":{"name":"(anonymous_1)","decl":{"start":{"line":146,"column":2},"end":{"line":146,"column":3}},"loc":{"start":{"line":146,"column":22},"end":{"line":149,"column":3}},"line":146},"2":{"name":"(anonymous_2)","decl":{"start":{"line":151,"column":2},"end":{"line":151,"column":3}},"loc":{"start":{"line":151,"column":18},"end":{"line":163,"column":3}},"line":151},"3":{"name":"(anonymous_3)","decl":{"start":{"line":153,"column":12},"end":{"line":153,"column":13}},"loc":{"start":{"line":153,"column":25},"end":{"line":162,"column":7}},"line":153},"4":{"name":"(anonymous_4)","decl":{"start":{"line":165,"column":2},"end":{"line":165,"column":3}},"loc":{"start":{"line":165,"column":16},"end":{"line":177,"column":3}},"line":165},"5":{"name":"(anonymous_5)","decl":{"start":{"line":173,"column":15},"end":{"line":173,"column":16}},"loc":{"start":{"line":173,"column":26},"end":{"line":175,"column":9}},"line":173},"6":{"name":"(anonymous_6)","decl":{"start":{"line":179,"column":2},"end":{"line":179,"column":3}},"loc":{"start":{"line":179,"column":20},"end":{"line":184,"column":3}},"line":179},"7":{"name":"(anonymous_7)","decl":{"start":{"line":186,"column":2},"end":{"line":186,"column":3}},"loc":{"start":{"line":186,"column":19},"end":{"line":191,"column":3}},"line":186},"8":{"name":"(anonymous_8)","decl":{"start":{"line":193,"column":2},"end":{"line":193,"column":3}},"loc":{"start":{"line":193,"column":19},"end":{"line":202,"column":3}},"line":193},"9":{"name":"(anonymous_9)","decl":{"start":{"line":204,"column":2},"end":{"line":204,"column":3}},"loc":{"start":{"line":204,"column":21},"end":{"line":216,"column":3}},"line":204},"10":{"name":"(anonymous_10)","decl":{"start":{"line":218,"column":2},"end":{"line":218,"column":3}},"loc":{"start":{"line":218,"column":23},"end":{"line":235,"column":3}},"line":218},"11":{"name":"(anonymous_11)","decl":{"start":{"line":233,"column":17},"end":{"line":233,"column":18}},"loc":{"start":{"line":233,"column":23},"end":{"line":233,"column":45}},"line":233},"12":{"name":"(anonymous_12)","decl":{"start":{"line":237,"column":2},"end":{"line":237,"column":3}},"loc":{"start":{"line":237,"column":15},"end":{"line":265,"column":3}},"line":237},"13":{"name":"(anonymous_13)","decl":{"start":{"line":267,"column":2},"end":{"line":267,"column":3}},"loc":{"start":{"line":267,"column":20},"end":{"line":282,"column":3}},"line":267},"14":{"name":"(anonymous_14)","decl":{"start":{"line":284,"column":2},"end":{"line":284,"column":3}},"loc":{"start":{"line":284,"column":11},"end":{"line":339,"column":3}},"line":284}},"branchMap":{"0":{"loc":{"start":{"line":168,"column":4},"end":{"line":176,"column":5}},"type":"if","locations":[{"start":{"line":168,"column":4},"end":{"line":176,"column":5}},{"start":{"line":168,"column":4},"end":{"line":176,"column":5}}],"line":168},"1":{"loc":{"start":{"line":168,"column":8},"end":{"line":168,"column":57}},"type":"binary-expr","locations":[{"start":{"line":168,"column":8},"end":{"line":168,"column":30}},{"start":{"line":168,"column":34},"end":{"line":168,"column":57}}],"line":168},"2":{"loc":{"start":{"line":207,"column":4},"end":{"line":209,"column":5}},"type":"if","locations":[{"start":{"line":207,"column":4},"end":{"line":209,"column":5}},{"start":{"line":207,"column":4},"end":{"line":209,"column":5}}],"line":207},"3":{"loc":{"start":{"line":207,"column":8},"end":{"line":207,"column":93}},"type":"binary-expr","locations":[{"start":{"line":207,"column":8},"end":{"line":207,"column":24}},{"start":{"line":207,"column":28},"end":{"line":207,"column":50}},{"start":{"line":207,"column":55},"end":{"line":207,"column":72}},{"start":{"line":207,"column":76},"end":{"line":207,"column":92}}],"line":207},"4":{"loc":{"start":{"line":221,"column":4},"end":{"line":234,"column":5}},"type":"if","locations":[{"start":{"line":221,"column":4},"end":{"line":234,"column":5}},{"start":{"line":221,"column":4},"end":{"line":234,"column":5}}],"line":221},"5":{"loc":{"start":{"line":226,"column":11},"end":{"line":234,"column":5}},"type":"if","locations":[{"start":{"line":226,"column":11},"end":{"line":234,"column":5}},{"start":{"line":226,"column":11},"end":{"line":234,"column":5}}],"line":226},"6":{"loc":{"start":{"line":239,"column":4},"end":{"line":264,"column":5}},"type":"if","locations":[{"start":{"line":239,"column":4},"end":{"line":264,"column":5}},{"start":{"line":239,"column":4},"end":{"line":264,"column":5}}],"line":239},"7":{"loc":{"start":{"line":239,"column":8},"end":{"line":239,"column":57}},"type":"binary-expr","locations":[{"start":{"line":239,"column":8},"end":{"line":239,"column":30}},{"start":{"line":239,"column":34},"end":{"line":239,"column":57}}],"line":239}},"s":{"0":1,"1":1,"2":1,"3":1,"4":1,"5":1,"6":1,"7":1,"8":1,"9":1,"10":1,"11":1,"12":1,"13":1,"14":1,"15":1,"16":4,"17":4,"18":4,"19":4,"20":4,"21":4,"22":4,"23":4,"24":4,"25":4,"26":4,"27":4,"28":4,"29":4,"30":0,"31":0,"32":0,"33":0,"34":0,"35":0,"36":0,"37":0,"38":0,"39":0,"40":0,"41":4,"42":4,"43":4,"44":4,"45":4,"46":3,"47":3,"48":3,"49":1,"50":2,"51":2,"52":2,"53":0,"54":0,"55":0,"56":0,"57":0,"58":0,"59":0,"60":0,"61":0,"62":11,"63":11,"64":1,"65":1,"66":1,"67":1,"68":1,"69":1,"70":1,"71":1,"72":1,"73":1,"74":1,"75":11,"76":11,"77":11,"78":11},"f":{"0":4,"1":4,"2":4,"3":0,"4":0,"5":0,"6":0,"7":0,"8":4,"9":3,"10":0,"11":0,"12":11,"13":1,"14":11},"b":{"0":[0,0],"1":[0,0],"2":[1,2],"3":[3,2,2,2],"4":[0,0],"5":[0,0],"6":[1,10],"7":[11,1]},"_coverageSchema":"1a1c01bbd47fc00a2c39e90264f33305004495a9","hash":"b2fe7c678ef1049c0b1e1a6cefeaafbc35e5b532"}
,"/Users/josef/Documents/HackReactor/HRSF128/calendar-service/client/src/components/calendar.jsx": {"path":"/Users/josef/Documents/HackReactor/HRSF128/calendar-service/client/src/components/calendar.jsx","statementMap":{"0":{"start":{"line":7,"column":24},"end":{"line":11,"column":1}},"1":{"start":{"line":13,"column":25},"end":{"line":17,"column":1}},"2":{"start":{"line":19,"column":20},"end":{"line":21,"column":1}},"3":{"start":{"line":23,"column":15},"end":{"line":34,"column":1}},"4":{"start":{"line":36,"column":18},"end":{"line":38,"column":1}},"5":{"start":{"line":40,"column":17},"end":{"line":43,"column":1}},"6":{"start":{"line":45,"column":20},"end":{"line":52,"column":1}},"7":{"start":{"line":54,"column":18},"end":{"line":58,"column":1}},"8":{"start":{"line":60,"column":20},"end":{"line":69,"column":1}},"9":{"start":{"line":71,"column":26},"end":{"line":80,"column":1}},"10":{"start":{"line":82,"column":23},"end":{"line":86,"column":1}},"11":{"start":{"line":88,"column":23},"end":{"line":91,"column":1}},"12":{"start":{"line":93,"column":21},"end":{"line":99,"column":1}},"13":{"start":{"line":103,"column":4},"end":{"line":103,"column":17}},"14":{"start":{"line":104,"column":4},"end":{"line":109,"column":6}},"15":{"start":{"line":110,"column":4},"end":{"line":110,"column":49}},"16":{"start":{"line":111,"column":4},"end":{"line":111,"column":45}},"17":{"start":{"line":112,"column":4},"end":{"line":112,"column":49}},"18":{"start":{"line":113,"column":4},"end":{"line":113,"column":49}},"19":{"start":{"line":114,"column":4},"end":{"line":114,"column":49}},"20":{"start":{"line":115,"column":4},"end":{"line":115,"column":61}},"21":{"start":{"line":116,"column":4},"end":{"line":116,"column":55}},"22":{"start":{"line":117,"column":4},"end":{"line":117,"column":49}},"23":{"start":{"line":118,"column":4},"end":{"line":118,"column":45}},"24":{"start":{"line":119,"column":4},"end":{"line":119,"column":49}},"25":{"start":{"line":124,"column":4},"end":{"line":124,"column":44}},"26":{"start":{"line":128,"column":4},"end":{"line":128,"column":32}},"27":{"start":{"line":132,"column":4},"end":{"line":132,"column":41}},"28":{"start":{"line":136,"column":4},"end":{"line":136,"column":43}},"29":{"start":{"line":140,"column":4},"end":{"line":140,"column":60}},"30":{"start":{"line":145,"column":24},"end":{"line":145,"column":50}},"31":{"start":{"line":146,"column":24},"end":{"line":146,"column":26}},"32":{"start":{"line":147,"column":4},"end":{"line":149,"column":5}},"33":{"start":{"line":147,"column":17},"end":{"line":147,"column":18}},"34":{"start":{"line":148,"column":6},"end":{"line":148,"column":28}},"35":{"start":{"line":150,"column":4},"end":{"line":150,"column":23}},"36":{"start":{"line":154,"column":22},"end":{"line":154,"column":49}},"37":{"start":{"line":155,"column":24},"end":{"line":155,"column":26}},"38":{"start":{"line":156,"column":4},"end":{"line":158,"column":5}},"39":{"start":{"line":156,"column":17},"end":{"line":156,"column":18}},"40":{"start":{"line":157,"column":6},"end":{"line":157,"column":26}},"41":{"start":{"line":159,"column":4},"end":{"line":159,"column":23}},"42":{"start":{"line":163,"column":18},"end":{"line":163,"column":44}},"43":{"start":{"line":164,"column":21},"end":{"line":164,"column":47}},"44":{"start":{"line":165,"column":22},"end":{"line":165,"column":44}},"45":{"start":{"line":166,"column":15},"end":{"line":166,"column":17}},"46":{"start":{"line":167,"column":18},"end":{"line":167,"column":20}},"47":{"start":{"line":168,"column":4},"end":{"line":174,"column":5}},"48":{"start":{"line":168,"column":17},"end":{"line":168,"column":18}},"49":{"start":{"line":169,"column":6},"end":{"line":169,"column":30}},"50":{"start":{"line":170,"column":6},"end":{"line":173,"column":7}},"51":{"start":{"line":171,"column":8},"end":{"line":171,"column":25}},"52":{"start":{"line":172,"column":8},"end":{"line":172,"column":18}},"53":{"start":{"line":175,"column":4},"end":{"line":175,"column":17}},"54":{"start":{"line":180,"column":25},"end":{"line":180,"column":35}},"55":{"start":{"line":181,"column":4},"end":{"line":181,"column":85}},"56":{"start":{"line":181,"column":37},"end":{"line":181,"column":83}},"57":{"start":{"line":185,"column":18},"end":{"line":185,"column":44}},"58":{"start":{"line":186,"column":34},"end":{"line":186,"column":44}},"59":{"start":{"line":187,"column":4},"end":{"line":210,"column":7}},"60":{"start":{"line":188,"column":6},"end":{"line":209,"column":11}},"61":{"start":{"line":190,"column":10},"end":{"line":202,"column":11}},"62":{"start":{"line":191,"column":12},"end":{"line":195,"column":14}},"63":{"start":{"line":192,"column":40},"end":{"line":192,"column":69}},"64":{"start":{"line":196,"column":17},"end":{"line":202,"column":11}},"65":{"start":{"line":197,"column":12},"end":{"line":197,"column":66}},"66":{"start":{"line":198,"column":17},"end":{"line":202,"column":11}},"67":{"start":{"line":199,"column":12},"end":{"line":199,"column":70}},"68":{"start":{"line":200,"column":17},"end":{"line":202,"column":11}},"69":{"start":{"line":201,"column":12},"end":{"line":201,"column":41}},"70":{"start":{"line":203,"column":10},"end":{"line":207,"column":12}},"71":{"start":{"line":204,"column":41},"end":{"line":204,"column":70}},"72":{"start":{"line":215,"column":56},"end":{"line":215,"column":66}},"73":{"start":{"line":216,"column":4},"end":{"line":219,"column":7}},"74":{"start":{"line":223,"column":56},"end":{"line":223,"column":66}},"75":{"start":{"line":224,"column":4},"end":{"line":227,"column":7}},"76":{"start":{"line":233,"column":19},"end":{"line":233,"column":51}},"77":{"start":{"line":235,"column":29},"end":{"line":235,"column":39}},"78":{"start":{"line":236,"column":4},"end":{"line":245,"column":5}},"79":{"start":{"line":236,"column":17},"end":{"line":236,"column":18}},"80":{"start":{"line":237,"column":26},"end":{"line":237,"column":41}},"81":{"start":{"line":238,"column":21},"end":{"line":238,"column":33}},"82":{"start":{"line":239,"column":6},"end":{"line":239,"column":34}},"83":{"start":{"line":240,"column":24},"end":{"line":240,"column":68}},"84":{"start":{"line":241,"column":22},"end":{"line":241,"column":64}},"85":{"start":{"line":242,"column":6},"end":{"line":244,"column":7}},"86":{"start":{"line":243,"column":8},"end":{"line":243,"column":20}},"87":{"start":{"line":246,"column":4},"end":{"line":246,"column":17}},"88":{"start":{"line":250,"column":19},"end":{"line":250,"column":51}},"89":{"start":{"line":252,"column":32},"end":{"line":252,"column":42}},"90":{"start":{"line":253,"column":4},"end":{"line":261,"column":5}},"91":{"start":{"line":254,"column":21},"end":{"line":254,"column":33}},"92":{"start":{"line":255,"column":6},"end":{"line":255,"column":34}},"93":{"start":{"line":256,"column":6},"end":{"line":256,"column":47}},"94":{"start":{"line":257,"column":6},"end":{"line":257,"column":49}},"95":{"start":{"line":258,"column":6},"end":{"line":260,"column":7}},"96":{"start":{"line":259,"column":8},"end":{"line":259,"column":20}},"97":{"start":{"line":262,"column":4},"end":{"line":262,"column":17}},"98":{"start":{"line":266,"column":4},"end":{"line":268,"column":5}},"99":{"start":{"line":267,"column":6},"end":{"line":267,"column":24}},"100":{"start":{"line":269,"column":23},"end":{"line":269,"column":44}},"101":{"start":{"line":270,"column":23},"end":{"line":270,"column":33}},"102":{"start":{"line":271,"column":4},"end":{"line":271,"column":52}},"103":{"start":{"line":272,"column":4},"end":{"line":274,"column":5}},"104":{"start":{"line":273,"column":6},"end":{"line":273,"column":40}},"105":{"start":{"line":275,"column":17},"end":{"line":275,"column":37}},"106":{"start":{"line":276,"column":21},"end":{"line":276,"column":54}},"107":{"start":{"line":277,"column":4},"end":{"line":277,"column":20}},"108":{"start":{"line":281,"column":29},"end":{"line":281,"column":39}},"109":{"start":{"line":282,"column":24},"end":{"line":282,"column":34}},"110":{"start":{"line":283,"column":4},"end":{"line":289,"column":5}},"111":{"start":{"line":283,"column":17},"end":{"line":283,"column":18}},"112":{"start":{"line":284,"column":26},"end":{"line":284,"column":41}},"113":{"start":{"line":285,"column":24},"end":{"line":285,"column":53}},"114":{"start":{"line":286,"column":6},"end":{"line":288,"column":7}},"115":{"start":{"line":287,"column":8},"end":{"line":287,"column":21}},"116":{"start":{"line":290,"column":4},"end":{"line":290,"column":16}},"117":{"start":{"line":296,"column":49},"end":{"line":296,"column":59}},"118":{"start":{"line":297,"column":21},"end":{"line":297,"column":67}},"119":{"start":{"line":298,"column":4},"end":{"line":308,"column":5}},"120":{"start":{"line":299,"column":6},"end":{"line":307,"column":7}},"121":{"start":{"line":300,"column":8},"end":{"line":300,"column":30}},"122":{"start":{"line":301,"column":13},"end":{"line":307,"column":7}},"123":{"start":{"line":302,"column":30},"end":{"line":302,"column":45}},"124":{"start":{"line":303,"column":31},"end":{"line":303,"column":47}},"125":{"start":{"line":304,"column":8},"end":{"line":306,"column":9}},"126":{"start":{"line":305,"column":10},"end":{"line":305,"column":32}},"127":{"start":{"line":312,"column":56},"end":{"line":312,"column":66}},"128":{"start":{"line":313,"column":4},"end":{"line":356,"column":6}}},"fnMap":{"0":{"name":"(anonymous_0)","decl":{"start":{"line":102,"column":2},"end":{"line":102,"column":3}},"loc":{"start":{"line":102,"column":21},"end":{"line":120,"column":3}},"line":102},"1":{"name":"(anonymous_1)","decl":{"start":{"line":123,"column":2},"end":{"line":123,"column":3}},"loc":{"start":{"line":123,"column":19},"end":{"line":125,"column":3}},"line":123},"2":{"name":"(anonymous_2)","decl":{"start":{"line":127,"column":2},"end":{"line":127,"column":3}},"loc":{"start":{"line":127,"column":10},"end":{"line":129,"column":3}},"line":127},"3":{"name":"(anonymous_3)","decl":{"start":{"line":131,"column":2},"end":{"line":131,"column":3}},"loc":{"start":{"line":131,"column":18},"end":{"line":133,"column":3}},"line":131},"4":{"name":"(anonymous_4)","decl":{"start":{"line":135,"column":2},"end":{"line":135,"column":3}},"loc":{"start":{"line":135,"column":25},"end":{"line":137,"column":3}},"line":135},"5":{"name":"(anonymous_5)","decl":{"start":{"line":139,"column":2},"end":{"line":139,"column":3}},"loc":{"start":{"line":139,"column":24},"end":{"line":141,"column":3}},"line":139},"6":{"name":"(anonymous_6)","decl":{"start":{"line":144,"column":2},"end":{"line":144,"column":3}},"loc":{"start":{"line":144,"column":24},"end":{"line":151,"column":3}},"line":144},"7":{"name":"(anonymous_7)","decl":{"start":{"line":153,"column":2},"end":{"line":153,"column":3}},"loc":{"start":{"line":153,"column":24},"end":{"line":160,"column":3}},"line":153},"8":{"name":"(anonymous_8)","decl":{"start":{"line":162,"column":2},"end":{"line":162,"column":3}},"loc":{"start":{"line":162,"column":24},"end":{"line":176,"column":3}},"line":162},"9":{"name":"(anonymous_9)","decl":{"start":{"line":179,"column":2},"end":{"line":179,"column":3}},"loc":{"start":{"line":179,"column":15},"end":{"line":182,"column":3}},"line":179},"10":{"name":"(anonymous_10)","decl":{"start":{"line":181,"column":24},"end":{"line":181,"column":25}},"loc":{"start":{"line":181,"column":37},"end":{"line":181,"column":83}},"line":181},"11":{"name":"(anonymous_11)","decl":{"start":{"line":184,"column":2},"end":{"line":184,"column":3}},"loc":{"start":{"line":184,"column":22},"end":{"line":211,"column":3}},"line":184},"12":{"name":"(anonymous_12)","decl":{"start":{"line":187,"column":21},"end":{"line":187,"column":22}},"loc":{"start":{"line":188,"column":6},"end":{"line":209,"column":11}},"line":188},"13":{"name":"(anonymous_13)","decl":{"start":{"line":189,"column":24},"end":{"line":189,"column":25}},"loc":{"start":{"line":189,"column":46},"end":{"line":208,"column":9}},"line":189},"14":{"name":"(anonymous_14)","decl":{"start":{"line":192,"column":33},"end":{"line":192,"column":34}},"loc":{"start":{"line":192,"column":40},"end":{"line":192,"column":69}},"line":192},"15":{"name":"(anonymous_15)","decl":{"start":{"line":204,"column":34},"end":{"line":204,"column":35}},"loc":{"start":{"line":204,"column":41},"end":{"line":204,"column":70}},"line":204},"16":{"name":"(anonymous_16)","decl":{"start":{"line":214,"column":2},"end":{"line":214,"column":3}},"loc":{"start":{"line":214,"column":21},"end":{"line":220,"column":3}},"line":214},"17":{"name":"(anonymous_17)","decl":{"start":{"line":222,"column":2},"end":{"line":222,"column":3}},"loc":{"start":{"line":222,"column":18},"end":{"line":228,"column":3}},"line":222},"18":{"name":"(anonymous_18)","decl":{"start":{"line":231,"column":2},"end":{"line":231,"column":3}},"loc":{"start":{"line":231,"column":28},"end":{"line":247,"column":3}},"line":231},"19":{"name":"(anonymous_19)","decl":{"start":{"line":249,"column":2},"end":{"line":249,"column":3}},"loc":{"start":{"line":249,"column":29},"end":{"line":263,"column":3}},"line":249},"20":{"name":"(anonymous_20)","decl":{"start":{"line":265,"column":2},"end":{"line":265,"column":3}},"loc":{"start":{"line":265,"column":30},"end":{"line":278,"column":3}},"line":265},"21":{"name":"(anonymous_21)","decl":{"start":{"line":280,"column":2},"end":{"line":280,"column":3}},"loc":{"start":{"line":280,"column":31},"end":{"line":291,"column":3}},"line":280},"22":{"name":"(anonymous_22)","decl":{"start":{"line":294,"column":2},"end":{"line":294,"column":3}},"loc":{"start":{"line":294,"column":27},"end":{"line":309,"column":3}},"line":294},"23":{"name":"(anonymous_23)","decl":{"start":{"line":311,"column":2},"end":{"line":311,"column":3}},"loc":{"start":{"line":311,"column":11},"end":{"line":357,"column":3}},"line":311}},"branchMap":{"0":{"loc":{"start":{"line":170,"column":6},"end":{"line":173,"column":7}},"type":"if","locations":[{"start":{"line":170,"column":6},"end":{"line":173,"column":7}},{"start":{"line":170,"column":6},"end":{"line":173,"column":7}}],"line":170},"1":{"loc":{"start":{"line":170,"column":10},"end":{"line":170,"column":57}},"type":"binary-expr","locations":[{"start":{"line":170,"column":10},"end":{"line":170,"column":27}},{"start":{"line":170,"column":31},"end":{"line":170,"column":57}}],"line":170},"2":{"loc":{"start":{"line":190,"column":10},"end":{"line":202,"column":11}},"type":"if","locations":[{"start":{"line":190,"column":10},"end":{"line":202,"column":11}},{"start":{"line":190,"column":10},"end":{"line":202,"column":11}}],"line":190},"3":{"loc":{"start":{"line":196,"column":17},"end":{"line":202,"column":11}},"type":"if","locations":[{"start":{"line":196,"column":17},"end":{"line":202,"column":11}},{"start":{"line":196,"column":17},"end":{"line":202,"column":11}}],"line":196},"4":{"loc":{"start":{"line":196,"column":21},"end":{"line":196,"column":118}},"type":"binary-expr","locations":[{"start":{"line":196,"column":21},"end":{"line":196,"column":67}},{"start":{"line":196,"column":71},"end":{"line":196,"column":118}}],"line":196},"5":{"loc":{"start":{"line":198,"column":17},"end":{"line":202,"column":11}},"type":"if","locations":[{"start":{"line":198,"column":17},"end":{"line":202,"column":11}},{"start":{"line":198,"column":17},"end":{"line":202,"column":11}}],"line":198},"6":{"loc":{"start":{"line":200,"column":17},"end":{"line":202,"column":11}},"type":"if","locations":[{"start":{"line":200,"column":17},"end":{"line":202,"column":11}},{"start":{"line":200,"column":17},"end":{"line":202,"column":11}}],"line":200},"7":{"loc":{"start":{"line":242,"column":6},"end":{"line":244,"column":7}},"type":"if","locations":[{"start":{"line":242,"column":6},"end":{"line":244,"column":7}},{"start":{"line":242,"column":6},"end":{"line":244,"column":7}}],"line":242},"8":{"loc":{"start":{"line":242,"column":10},"end":{"line":242,"column":96}},"type":"binary-expr","locations":[{"start":{"line":242,"column":10},"end":{"line":242,"column":65}},{"start":{"line":242,"column":69},"end":{"line":242,"column":96}}],"line":242},"9":{"loc":{"start":{"line":253,"column":4},"end":{"line":261,"column":5}},"type":"if","locations":[{"start":{"line":253,"column":4},"end":{"line":261,"column":5}},{"start":{"line":253,"column":4},"end":{"line":261,"column":5}}],"line":253},"10":{"loc":{"start":{"line":253,"column":8},"end":{"line":253,"column":57}},"type":"binary-expr","locations":[{"start":{"line":253,"column":8},"end":{"line":253,"column":30}},{"start":{"line":253,"column":34},"end":{"line":253,"column":57}}],"line":253},"11":{"loc":{"start":{"line":258,"column":6},"end":{"line":260,"column":7}},"type":"if","locations":[{"start":{"line":258,"column":6},"end":{"line":260,"column":7}},{"start":{"line":258,"column":6},"end":{"line":260,"column":7}}],"line":258},"12":{"loc":{"start":{"line":266,"column":4},"end":{"line":268,"column":5}},"type":"if","locations":[{"start":{"line":266,"column":4},"end":{"line":268,"column":5}},{"start":{"line":266,"column":4},"end":{"line":268,"column":5}}],"line":266},"13":{"loc":{"start":{"line":272,"column":4},"end":{"line":274,"column":5}},"type":"if","locations":[{"start":{"line":272,"column":4},"end":{"line":274,"column":5}},{"start":{"line":272,"column":4},"end":{"line":274,"column":5}}],"line":272},"14":{"loc":{"start":{"line":286,"column":6},"end":{"line":288,"column":7}},"type":"if","locations":[{"start":{"line":286,"column":6},"end":{"line":288,"column":7}},{"start":{"line":286,"column":6},"end":{"line":288,"column":7}}],"line":286},"15":{"loc":{"start":{"line":298,"column":4},"end":{"line":308,"column":5}},"type":"if","locations":[{"start":{"line":298,"column":4},"end":{"line":308,"column":5}},{"start":{"line":298,"column":4},"end":{"line":308,"column":5}}],"line":298},"16":{"loc":{"start":{"line":299,"column":6},"end":{"line":307,"column":7}},"type":"if","locations":[{"start":{"line":299,"column":6},"end":{"line":307,"column":7}},{"start":{"line":299,"column":6},"end":{"line":307,"column":7}}],"line":299},"17":{"loc":{"start":{"line":299,"column":10},"end":{"line":299,"column":75}},"type":"binary-expr","locations":[{"start":{"line":299,"column":10},"end":{"line":299,"column":55}},{"start":{"line":299,"column":59},"end":{"line":299,"column":75}}],"line":299},"18":{"loc":{"start":{"line":301,"column":13},"end":{"line":307,"column":7}},"type":"if","locations":[{"start":{"line":301,"column":13},"end":{"line":307,"column":7}},{"start":{"line":301,"column":13},"end":{"line":307,"column":7}}],"line":301},"19":{"loc":{"start":{"line":301,"column":17},"end":{"line":301,"column":82}},"type":"binary-expr","locations":[{"start":{"line":301,"column":17},"end":{"line":301,"column":62}},{"start":{"line":301,"column":66},"end":{"line":301,"column":82}}],"line":301},"20":{"loc":{"start":{"line":304,"column":8},"end":{"line":306,"column":9}},"type":"if","locations":[{"start":{"line":304,"column":8},"end":{"line":306,"column":9}},{"start":{"line":304,"column":8},"end":{"line":306,"column":9}}],"line":304},"21":{"loc":{"start":{"line":304,"column":12},"end":{"line":304,"column":86}},"type":"binary-expr","locations":[{"start":{"line":304,"column":12},"end":{"line":304,"column":45}},{"start":{"line":304,"column":49},"end":{"line":304,"column":86}}],"line":304}},"s":{"0":4,"1":4,"2":4,"3":4,"4":4,"5":4,"6":4,"7":4,"8":4,"9":4,"10":4,"11":4,"12":4,"13":1,"14":1,"15":1,"16":1,"17":1,"18":1,"19":1,"20":1,"21":1,"22":1,"23":1,"24":1,"25":262,"26":0,"27":262,"28":2,"29":2,"30":2,"31":2,"32":2,"33":2,"34":4,"35":2,"36":2,"37":2,"38":2,"39":2,"40":61,"41":2,"42":2,"43":2,"44":2,"45":2,"46":2,"47":2,"48":2,"49":65,"50":65,"51":10,"52":10,"53":2,"54":2,"55":2,"56":14,"57":2,"58":2,"59":2,"60":10,"61":65,"62":0,"63":0,"64":65,"65":0,"66":65,"67":0,"68":65,"69":4,"70":61,"71":0,"72":0,"73":0,"74":0,"75":0,"76":65,"77":65,"78":65,"79":65,"80":0,"81":0,"82":0,"83":0,"84":0,"85":0,"86":0,"87":65,"88":65,"89":65,"90":65,"91":65,"92":65,"93":65,"94":65,"95":65,"96":0,"97":65,"98":260,"99":88,"100":260,"101":260,"102":260,"103":260,"104":260,"105":260,"106":260,"107":260,"108":0,"109":0,"110":0,"111":0,"112":0,"113":0,"114":0,"115":0,"116":0,"117":0,"118":0,"119":0,"120":0,"121":0,"122":0,"123":0,"124":0,"125":0,"126":0,"127":1,"128":1},"f":{"0":1,"1":262,"2":0,"3":262,"4":2,"5":2,"6":2,"7":2,"8":2,"9":2,"10":14,"11":2,"12":10,"13":65,"14":0,"15":0,"16":0,"17":0,"18":65,"19":65,"20":260,"21":0,"22":0,"23":1},"b":{"0":[10,55],"1":[65,57],"2":[0,65],"3":[0,65],"4":[65,65],"5":[0,65],"6":[4,61],"7":[0,0],"8":[0,0],"9":[65,0],"10":[65,65],"11":[0,65],"12":[88,172],"13":[260,0],"14":[0,0],"15":[0,0],"16":[0,0],"17":[0,0],"18":[0,0],"19":[0,0],"20":[0,0],"21":[0,0]},"_coverageSchema":"1a1c01bbd47fc00a2c39e90264f33305004495a9","hash":"18605b12abc264fedd361379a1aca7a6a9b61dec"}
,"/Users/josef/Documents/HackReactor/HRSF128/calendar-service/client/src/components/calendarPopUp.jsx": {"path":"/Users/josef/Documents/HackReactor/HRSF128/calendar-service/client/src/components/calendarPopUp.jsx","statementMap":{"0":{"start":{"line":8,"column":22},"end":{"line":11,"column":1}},"1":{"start":{"line":13,"column":26},"end":{"line":18,"column":1}},"2":{"start":{"line":19,"column":26},"end":{"line":27,"column":1}},"3":{"start":{"line":28,"column":23},"end":{"line":30,"column":1}},"4":{"start":{"line":31,"column":24},"end":{"line":33,"column":1}},"5":{"start":{"line":34,"column":22},"end":{"line":39,"column":1}},"6":{"start":{"line":41,"column":22},"end":{"line":69,"column":1}},"7":{"start":{"line":42,"column":62},"end":{"line":42,"column":67}},"8":{"start":{"line":43,"column":52},"end":{"line":43,"column":57}},"9":{"start":{"line":44,"column":2},"end":{"line":68,"column":4}}},"fnMap":{"0":{"name":"(anonymous_0)","decl":{"start":{"line":41,"column":22},"end":{"line":41,"column":23}},"loc":{"start":{"line":41,"column":33},"end":{"line":69,"column":1}},"line":41}},"branchMap":{},"s":{"0":3,"1":3,"2":3,"3":3,"4":3,"5":3,"6":3,"7":1,"8":1,"9":1},"f":{"0":1},"b":{},"_coverageSchema":"1a1c01bbd47fc00a2c39e90264f33305004495a9","hash":"60d23e65458f51395a3dc4f609c64b14af91d894"}
,"/Users/josef/Documents/HackReactor/HRSF128/calendar-service/client/src/components/checkIn.jsx": {"path":"/Users/josef/Documents/HackReactor/HRSF128/calendar-service/client/src/components/checkIn.jsx","statementMap":{"0":{"start":{"line":4,"column":22},"end":{"line":10,"column":1}},"1":{"start":{"line":11,"column":16},"end":{"line":16,"column":1}},"2":{"start":{"line":18,"column":16},"end":{"line":30,"column":1}},"3":{"start":{"line":19,"column":38},"end":{"line":19,"column":43}},"4":{"start":{"line":20,"column":2},"end":{"line":29,"column":4}}},"fnMap":{"0":{"name":"(anonymous_0)","decl":{"start":{"line":18,"column":16},"end":{"line":18,"column":17}},"loc":{"start":{"line":18,"column":27},"end":{"line":30,"column":1}},"line":18}},"branchMap":{},"s":{"0":5,"1":5,"2":5,"3":3,"4":3},"f":{"0":3},"b":{},"_coverageSchema":"1a1c01bbd47fc00a2c39e90264f33305004495a9","hash":"a33f361adc9bfca00f1bd407c01a392fea818aee"}
,"/Users/josef/Documents/HackReactor/HRSF128/calendar-service/client/src/components/checkOut.jsx": {"path":"/Users/josef/Documents/HackReactor/HRSF128/calendar-service/client/src/components/checkOut.jsx","statementMap":{"0":{"start":{"line":4,"column":22},"end":{"line":10,"column":1}},"1":{"start":{"line":11,"column":16},"end":{"line":16,"column":1}},"2":{"start":{"line":18,"column":17},"end":{"line":30,"column":1}},"3":{"start":{"line":19,"column":39},"end":{"line":19,"column":44}},"4":{"start":{"line":20,"column":2},"end":{"line":29,"column":4}}},"fnMap":{"0":{"name":"(anonymous_0)","decl":{"start":{"line":18,"column":17},"end":{"line":18,"column":18}},"loc":{"start":{"line":18,"column":28},"end":{"line":30,"column":1}},"line":18}},"branchMap":{},"s":{"0":5,"1":5,"2":5,"3":3,"4":3},"f":{"0":3},"b":{},"_coverageSchema":"1a1c01bbd47fc00a2c39e90264f33305004495a9","hash":"2fbcbc258e39517f11f63e06adce3f8a58de1a7b"}
,"/Users/josef/Documents/HackReactor/HRSF128/calendar-service/client/src/components/closeButton.jsx": {"path":"/Users/josef/Documents/HackReactor/HRSF128/calendar-service/client/src/components/closeButton.jsx","statementMap":{"0":{"start":{"line":4,"column":22},"end":{"line":9,"column":1}},"1":{"start":{"line":11,"column":21},"end":{"line":22,"column":1}},"2":{"start":{"line":24,"column":20},"end":{"line":31,"column":1}},"3":{"start":{"line":25,"column":29},"end":{"line":25,"column":34}},"4":{"start":{"line":26,"column":2},"end":{"line":30,"column":4}}},"fnMap":{"0":{"name":"(anonymous_0)","decl":{"start":{"line":24,"column":20},"end":{"line":24,"column":21}},"loc":{"start":{"line":24,"column":31},"end":{"line":31,"column":1}},"line":24}},"branchMap":{},"s":{"0":4,"1":4,"2":4,"3":2,"4":2},"f":{"0":2},"b":{},"_coverageSchema":"1a1c01bbd47fc00a2c39e90264f33305004495a9","hash":"42a8623439a4f13927ba947c1cb21da06dbe1978"}
,"/Users/josef/Documents/HackReactor/HRSF128/calendar-service/client/src/components/datePicker.jsx": {"path":"/Users/josef/Documents/HackReactor/HRSF128/calendar-service/client/src/components/datePicker.jsx","statementMap":{"0":{"start":{"line":7,"column":26},"end":{"line":11,"column":1}},"1":{"start":{"line":13,"column":19},"end":{"line":21,"column":1}},"2":{"start":{"line":14,"column":48},"end":{"line":14,"column":53}},"3":{"start":{"line":15,"column":2},"end":{"line":20,"column":4}},"4":{"start":{"line":25,"column":0},"end":{"line":29,"column":2}}},"fnMap":{"0":{"name":"(anonymous_0)","decl":{"start":{"line":13,"column":19},"end":{"line":13,"column":20}},"loc":{"start":{"line":13,"column":30},"end":{"line":21,"column":1}},"line":13}},"branchMap":{},"s":{"0":2,"1":2,"2":2,"3":2,"4":2},"f":{"0":2},"b":{},"_coverageSchema":"1a1c01bbd47fc00a2c39e90264f33305004495a9","hash":"ec50e2689e498c57236b3596a599e659e7b96f04"}
,"/Users/josef/Documents/HackReactor/HRSF128/calendar-service/client/src/components/guest.jsx": {"path":"/Users/josef/Documents/HackReactor/HRSF128/calendar-service/client/src/components/guest.jsx","statementMap":{"0":{"start":{"line":6,"column":21},"end":{"line":11,"column":1}},"1":{"start":{"line":12,"column":17},"end":{"line":19,"column":1}},"2":{"start":{"line":20,"column":22},"end":{"line":26,"column":1}},"3":{"start":{"line":28,"column":14},"end":{"line":75,"column":1}},"4":{"start":{"line":29,"column":25},"end":{"line":43,"column":3}},"5":{"start":{"line":30,"column":27},"end":{"line":30,"column":32}},"6":{"start":{"line":31,"column":4},"end":{"line":37,"column":5}},"7":{"start":{"line":32,"column":6},"end":{"line":36,"column":8}},"8":{"start":{"line":38,"column":4},"end":{"line":42,"column":6}},"9":{"start":{"line":45,"column":22},"end":{"line":61,"column":3}},"10":{"start":{"line":46,"column":4},"end":{"line":60,"column":5}},"11":{"start":{"line":47,"column":49},"end":{"line":47,"column":54}},"12":{"start":{"line":48,"column":25},"end":{"line":48,"column":30}},"13":{"start":{"line":49,"column":32},"end":{"line":49,"column":37}},"14":{"start":{"line":50,"column":26},"end":{"line":50,"column":31}},"15":{"start":{"line":51,"column":6},"end":{"line":59,"column":8}},"16":{"start":{"line":63,"column":30},"end":{"line":63,"column":35}},"17":{"start":{"line":64,"column":2},"end":{"line":74,"column":4}},"18":{"start":{"line":79,"column":0},"end":{"line":88,"column":2}}},"fnMap":{"0":{"name":"(anonymous_0)","decl":{"start":{"line":28,"column":14},"end":{"line":28,"column":15}},"loc":{"start":{"line":28,"column":25},"end":{"line":75,"column":1}},"line":28},"1":{"name":"(anonymous_1)","decl":{"start":{"line":29,"column":25},"end":{"line":29,"column":26}},"loc":{"start":{"line":29,"column":31},"end":{"line":43,"column":3}},"line":29},"2":{"name":"(anonymous_2)","decl":{"start":{"line":45,"column":22},"end":{"line":45,"column":23}},"loc":{"start":{"line":45,"column":28},"end":{"line":61,"column":3}},"line":45}},"branchMap":{"0":{"loc":{"start":{"line":31,"column":4},"end":{"line":37,"column":5}},"type":"if","locations":[{"start":{"line":31,"column":4},"end":{"line":37,"column":5}},{"start":{"line":31,"column":4},"end":{"line":37,"column":5}}],"line":31},"1":{"loc":{"start":{"line":46,"column":4},"end":{"line":60,"column":5}},"type":"if","locations":[{"start":{"line":46,"column":4},"end":{"line":60,"column":5}},{"start":{"line":46,"column":4},"end":{"line":60,"column":5}}],"line":46}},"s":{"0":2,"1":2,"2":2,"3":2,"4":3,"5":3,"6":3,"7":0,"8":3,"9":3,"10":3,"11":0,"12":0,"13":0,"14":0,"15":0,"16":3,"17":3,"18":2},"f":{"0":3,"1":3,"2":3},"b":{"0":[0,3],"1":[0,3]},"_coverageSchema":"1a1c01bbd47fc00a2c39e90264f33305004495a9","hash":"1e89732ac863868710c8ea73e6fd672f4f922479"}
,"/Users/josef/Documents/HackReactor/HRSF128/calendar-service/client/src/components/guestDropdown.jsx": {"path":"/Users/josef/Documents/HackReactor/HRSF128/calendar-service/client/src/components/guestDropdown.jsx","statementMap":{"0":{"start":{"line":5,"column":23},"end":{"line":9,"column":1}},"1":{"start":{"line":10,"column":16},"end":{"line":14,"column":1}},"2":{"start":{"line":15,"column":16},"end":{"line":20,"column":1}},"3":{"start":{"line":21,"column":22},"end":{"line":25,"column":1}},"4":{"start":{"line":26,"column":15},"end":{"line":37,"column":1}},"5":{"start":{"line":38,"column":18},"end":{"line":42,"column":1}},"6":{"start":{"line":43,"column":22},"end":{"line":89,"column":1}},"7":{"start":{"line":44,"column":21},"end":{"line":44,"column":26}},"8":{"start":{"line":45,"column":28},"end":{"line":45,"column":33}},"9":{"start":{"line":46,"column":22},"end":{"line":46,"column":27}},"10":{"start":{"line":47,"column":2},"end":{"line":88,"column":4}},"11":{"start":{"line":52,"column":34},"end":{"line":52,"column":58}},"12":{"start":{"line":56,"column":34},"end":{"line":56,"column":56}},"13":{"start":{"line":65,"column":34},"end":{"line":65,"column":58}},"14":{"start":{"line":69,"column":34},"end":{"line":69,"column":56}},"15":{"start":{"line":78,"column":34},"end":{"line":78,"column":58}},"16":{"start":{"line":82,"column":34},"end":{"line":82,"column":56}},"17":{"start":{"line":93,"column":0},"end":{"line":99,"column":2}}},"fnMap":{"0":{"name":"(anonymous_0)","decl":{"start":{"line":43,"column":22},"end":{"line":43,"column":23}},"loc":{"start":{"line":43,"column":33},"end":{"line":89,"column":1}},"line":43},"1":{"name":"(anonymous_1)","decl":{"start":{"line":52,"column":27},"end":{"line":52,"column":28}},"loc":{"start":{"line":52,"column":34},"end":{"line":52,"column":58}},"line":52},"2":{"name":"(anonymous_2)","decl":{"start":{"line":56,"column":27},"end":{"line":56,"column":28}},"loc":{"start":{"line":56,"column":34},"end":{"line":56,"column":56}},"line":56},"3":{"name":"(anonymous_3)","decl":{"start":{"line":65,"column":27},"end":{"line":65,"column":28}},"loc":{"start":{"line":65,"column":34},"end":{"line":65,"column":58}},"line":65},"4":{"name":"(anonymous_4)","decl":{"start":{"line":69,"column":27},"end":{"line":69,"column":28}},"loc":{"start":{"line":69,"column":34},"end":{"line":69,"column":56}},"line":69},"5":{"name":"(anonymous_5)","decl":{"start":{"line":78,"column":27},"end":{"line":78,"column":28}},"loc":{"start":{"line":78,"column":34},"end":{"line":78,"column":58}},"line":78},"6":{"name":"(anonymous_6)","decl":{"start":{"line":82,"column":27},"end":{"line":82,"column":28}},"loc":{"start":{"line":82,"column":34},"end":{"line":82,"column":56}},"line":82}},"branchMap":{},"s":{"0":3,"1":3,"2":3,"3":3,"4":3,"5":3,"6":3,"7":3,"8":3,"9":3,"10":3,"11":0,"12":1,"13":1,"14":0,"15":0,"16":0,"17":3},"f":{"0":3,"1":0,"2":1,"3":1,"4":0,"5":0,"6":0},"b":{},"_coverageSchema":"1a1c01bbd47fc00a2c39e90264f33305004495a9","hash":"f2f71541858fbbd9d15d69648d96fb36b3b2a139"}
,"/Users/josef/Documents/HackReactor/HRSF128/calendar-service/client/src/components/modal.jsx": {"path":"/Users/josef/Documents/HackReactor/HRSF128/calendar-service/client/src/components/modal.jsx","statementMap":{"0":{"start":{"line":5,"column":21},"end":{"line":11,"column":1}},"1":{"start":{"line":12,"column":21},"end":{"line":14,"column":1}},"2":{"start":{"line":15,"column":18},"end":{"line":17,"column":1}},"3":{"start":{"line":18,"column":21},"end":{"line":29,"column":1}},"4":{"start":{"line":31,"column":14},"end":{"line":60,"column":1}},"5":{"start":{"line":32,"column":62},"end":{"line":32,"column":67}},"6":{"start":{"line":33,"column":52},"end":{"line":33,"column":57}},"7":{"start":{"line":34,"column":25},"end":{"line":55,"column":3}},"8":{"start":{"line":35,"column":4},"end":{"line":51,"column":5}},"9":{"start":{"line":36,"column":6},"end":{"line":50,"column":8}},"10":{"start":{"line":52,"column":4},"end":{"line":54,"column":6}},"11":{"start":{"line":57,"column":2},"end":{"line":59,"column":4}}},"fnMap":{"0":{"name":"(anonymous_0)","decl":{"start":{"line":31,"column":14},"end":{"line":31,"column":15}},"loc":{"start":{"line":31,"column":25},"end":{"line":60,"column":1}},"line":31},"1":{"name":"(anonymous_1)","decl":{"start":{"line":34,"column":25},"end":{"line":34,"column":26}},"loc":{"start":{"line":34,"column":31},"end":{"line":55,"column":3}},"line":34}},"branchMap":{"0":{"loc":{"start":{"line":35,"column":4},"end":{"line":51,"column":5}},"type":"if","locations":[{"start":{"line":35,"column":4},"end":{"line":51,"column":5}},{"start":{"line":35,"column":4},"end":{"line":51,"column":5}}],"line":35}},"s":{"0":2,"1":2,"2":2,"3":2,"4":2,"5":2,"6":2,"7":2,"8":2,"9":0,"10":2,"11":2},"f":{"0":2,"1":2},"b":{"0":[0,2]},"_coverageSchema":"1a1c01bbd47fc00a2c39e90264f33305004495a9","hash":"b76f7fa8532939f008a9995d73b89228387783bb"}
,"/Users/josef/Documents/HackReactor/HRSF128/calendar-service/client/src/components/icons/leftArrowSVG.jsx": {"path":"/Users/josef/Documents/HackReactor/HRSF128/calendar-service/client/src/components/icons/leftArrowSVG.jsx","statementMap":{"0":{"start":{"line":4,"column":17},"end":{"line":9,"column":1}},"1":{"start":{"line":11,"column":21},"end":{"line":15,"column":1}},"2":{"start":{"line":12,"column":2},"end":{"line":14,"column":13}}},"fnMap":{"0":{"name":"(anonymous_0)","decl":{"start":{"line":11,"column":21},"end":{"line":11,"column":22}},"loc":{"start":{"line":12,"column":2},"end":{"line":14,"column":13}},"line":12}},"branchMap":{},"s":{"0":5,"1":5,"2":1},"f":{"0":1},"b":{},"_coverageSchema":"1a1c01bbd47fc00a2c39e90264f33305004495a9","hash":"f43745ae43b13cb30fae6b02646d7040557b0480"}
,"/Users/josef/Documents/HackReactor/HRSF128/calendar-service/client/src/components/icons/rightArrowSVG.jsx": {"path":"/Users/josef/Documents/HackReactor/HRSF128/calendar-service/client/src/components/icons/rightArrowSVG.jsx","statementMap":{"0":{"start":{"line":4,"column":17},"end":{"line":9,"column":1}},"1":{"start":{"line":11,"column":22},"end":{"line":15,"column":1}},"2":{"start":{"line":12,"column":2},"end":{"line":14,"column":13}}},"fnMap":{"0":{"name":"(anonymous_0)","decl":{"start":{"line":11,"column":22},"end":{"line":11,"column":23}},"loc":{"start":{"line":12,"column":2},"end":{"line":14,"column":13}},"line":12}},"branchMap":{},"s":{"0":5,"1":5,"2":1},"f":{"0":1},"b":{},"_coverageSchema":"1a1c01bbd47fc00a2c39e90264f33305004495a9","hash":"114bf65710d6085b1d4036f020a2cf11e846cf5a"}
,"/Users/josef/Documents/HackReactor/HRSF128/calendar-service/db/index.js": {"path":"/Users/josef/Documents/HackReactor/HRSF128/calendar-service/db/index.js","statementMap":{"0":{"start":{"line":1,"column":14},"end":{"line":1,"column":30}},"1":{"start":{"line":4,"column":0},"end":{"line":8,"column":3}}},"fnMap":{},"branchMap":{},"s":{"0":1,"1":1},"f":{},"b":{},"_coverageSchema":"1a1c01bbd47fc00a2c39e90264f33305004495a9","hash":"f0f0772f485dec0a669f023d38fff0e2421456a1"}
,"/Users/josef/Documents/HackReactor/HRSF128/calendar-service/server/index.js": {"path":"/Users/josef/Documents/HackReactor/HRSF128/calendar-service/server/index.js","statementMap":{"0":{"start":{"line":1,"column":16},"end":{"line":1,"column":34}},"1":{"start":{"line":2,"column":13},"end":{"line":2,"column":28}},"2":{"start":{"line":3,"column":11},"end":{"line":3,"column":36}},"3":{"start":{"line":5,"column":12},"end":{"line":5,"column":21}},"4":{"start":{"line":7,"column":0},"end":{"line":7,"column":86}},"5":{"start":{"line":10,"column":0},"end":{"line":28,"column":3}},"6":{"start":{"line":11,"column":21},"end":{"line":11,"column":31}},"7":{"start":{"line":12,"column":20},"end":{"line":12,"column":54}},"8":{"start":{"line":13,"column":2},"end":{"line":27,"column":5}},"9":{"start":{"line":14,"column":4},"end":{"line":26,"column":5}},"10":{"start":{"line":15,"column":6},"end":{"line":15,"column":38}},"11":{"start":{"line":17,"column":23},"end":{"line":17,"column":92}},"12":{"start":{"line":18,"column":6},"end":{"line":25,"column":9}},"13":{"start":{"line":19,"column":8},"end":{"line":24,"column":9}},"14":{"start":{"line":20,"column":10},"end":{"line":20,"column":41}},"15":{"start":{"line":22,"column":26},"end":{"line":22,"column":56}},"16":{"start":{"line":23,"column":10},"end":{"line":23,"column":40}},"17":{"start":{"line":30,"column":0},"end":{"line":33,"column":3}},"18":{"start":{"line":31,"column":21},"end":{"line":31,"column":31}},"19":{"start":{"line":32,"column":2},"end":{"line":32,"column":24}},"20":{"start":{"line":35,"column":0},"end":{"line":35,"column":21}}},"fnMap":{"0":{"name":"(anonymous_0)","decl":{"start":{"line":10,"column":30},"end":{"line":10,"column":31}},"loc":{"start":{"line":10,"column":44},"end":{"line":28,"column":1}},"line":10},"1":{"name":"(anonymous_1)","decl":{"start":{"line":13,"column":43},"end":{"line":13,"column":44}},"loc":{"start":{"line":13,"column":71},"end":{"line":27,"column":3}},"line":13},"2":{"name":"(anonymous_2)","decl":{"start":{"line":18,"column":46},"end":{"line":18,"column":47}},"loc":{"start":{"line":18,"column":72},"end":{"line":25,"column":7}},"line":18},"3":{"name":"(anonymous_3)","decl":{"start":{"line":30,"column":31},"end":{"line":30,"column":32}},"loc":{"start":{"line":30,"column":45},"end":{"line":33,"column":1}},"line":30}},"branchMap":{"0":{"loc":{"start":{"line":14,"column":4},"end":{"line":26,"column":5}},"type":"if","locations":[{"start":{"line":14,"column":4},"end":{"line":26,"column":5}},{"start":{"line":14,"column":4},"end":{"line":26,"column":5}}],"line":14},"1":{"loc":{"start":{"line":19,"column":8},"end":{"line":24,"column":9}},"type":"if","locations":[{"start":{"line":19,"column":8},"end":{"line":24,"column":9}},{"start":{"line":19,"column":8},"end":{"line":24,"column":9}}],"line":19}},"s":{"0":1,"1":1,"2":1,"3":1,"4":1,"5":1,"6":1,"7":1,"8":1,"9":1,"10":0,"11":1,"12":1,"13":1,"14":0,"15":1,"16":1,"17":1,"18":0,"19":0,"20":1},"f":{"0":1,"1":1,"2":1,"3":0},"b":{"0":[0,1],"1":[0,1]},"_coverageSchema":"1a1c01bbd47fc00a2c39e90264f33305004495a9","hash":"c4e8767b3fa5c5e67e4752b49af111f224b8dcb6"}
}
