TN:
SF:client/src/components/app.jsx
FN:114,(anonymous_0)
FN:146,(anonymous_1)
FN:151,(anonymous_2)
FN:153,(anonymous_3)
FN:165,(anonymous_4)
FN:173,(anonymous_5)
FN:179,(anonymous_6)
FN:186,(anonymous_7)
FN:193,(anonymous_8)
FN:204,(anonymous_9)
FN:218,(anonymous_10)
FN:233,(anonymous_11)
FN:237,(anonymous_12)
FN:267,(anonymous_13)
FN:284,(anonymous_14)
FNF:15
FNH:8
FNDA:4,(anonymous_0)
FNDA:4,(anonymous_1)
FNDA:4,(anonymous_2)
FNDA:0,(anonymous_3)
FNDA:0,(anonymous_4)
FNDA:0,(anonymous_5)
FNDA:0,(anonymous_6)
FNDA:0,(anonymous_7)
FNDA:4,(anonymous_8)
FNDA:3,(anonymous_9)
FNDA:0,(anonymous_10)
FNDA:0,(anonymous_11)
FNDA:11,(anonymous_12)
FNDA:1,(anonymous_13)
FNDA:11,(anonymous_14)
DA:10,1
DA:21,1
DA:27,1
DA:34,1
DA:41,1
DA:47,1
DA:53,1
DA:59,1
DA:64,1
DA:70,1
DA:81,1
DA:88,1
DA:92,1
DA:97,1
DA:101,1
DA:107,1
DA:115,4
DA:116,4
DA:135,4
DA:136,4
DA:137,4
DA:138,4
DA:139,4
DA:140,4
DA:141,4
DA:142,4
DA:143,4
DA:147,4
DA:148,4
DA:152,4
DA:154,0
DA:155,0
DA:166,0
DA:167,0
DA:168,0
DA:169,0
DA:174,0
DA:180,0
DA:181,0
DA:187,0
DA:188,0
DA:194,4
DA:195,4
DA:196,4
DA:197,4
DA:198,4
DA:205,3
DA:206,3
DA:207,3
DA:208,1
DA:210,2
DA:211,2
DA:212,2
DA:219,0
DA:220,0
DA:221,0
DA:222,0
DA:226,0
DA:227,0
DA:228,0
DA:233,0
DA:238,11
DA:239,11
DA:240,1
DA:241,1
DA:268,1
DA:269,1
DA:270,1
DA:271,1
DA:272,1
DA:273,1
DA:274,1
DA:275,1
DA:276,1
DA:285,11
DA:286,11
DA:287,11
DA:288,11
LF:78
LH:59
BRDA:168,0,0,0
BRDA:168,0,1,0
BRDA:168,1,0,0
BRDA:168,1,1,0
BRDA:207,2,0,1
BRDA:207,2,1,2
BRDA:207,3,0,3
BRDA:207,3,1,2
BRDA:207,3,2,2
BRDA:207,3,3,2
BRDA:221,4,0,0
BRDA:221,4,1,0
BRDA:226,5,0,0
BRDA:226,5,1,0
BRDA:239,6,0,1
BRDA:239,6,1,10
BRDA:239,7,0,11
BRDA:239,7,1,1
BRF:18
BRH:10
end_of_record
TN:
SF:client/src/components/calendar.jsx
FN:102,(anonymous_0)
FN:123,(anonymous_1)
FN:127,(anonymous_2)
FN:131,(anonymous_3)
FN:135,(anonymous_4)
FN:139,(anonymous_5)
FN:144,(anonymous_6)
FN:153,(anonymous_7)
FN:162,(anonymous_8)
FN:179,(anonymous_9)
FN:181,(anonymous_10)
FN:184,(anonymous_11)
FN:187,(anonymous_12)
FN:189,(anonymous_13)
FN:192,(anonymous_14)
FN:204,(anonymous_15)
FN:214,(anonymous_16)
FN:222,(anonymous_17)
FN:231,(anonymous_18)
FN:249,(anonymous_19)
FN:265,(anonymous_20)
FN:280,(anonymous_21)
FN:294,(anonymous_22)
FN:311,(anonymous_23)
FNF:24
FNH:17
FNDA:1,(anonymous_0)
FNDA:262,(anonymous_1)
FNDA:0,(anonymous_2)
FNDA:262,(anonymous_3)
FNDA:2,(anonymous_4)
FNDA:2,(anonymous_5)
FNDA:2,(anonymous_6)
FNDA:2,(anonymous_7)
FNDA:2,(anonymous_8)
FNDA:2,(anonymous_9)
FNDA:14,(anonymous_10)
FNDA:2,(anonymous_11)
FNDA:10,(anonymous_12)
FNDA:65,(anonymous_13)
FNDA:0,(anonymous_14)
FNDA:0,(anonymous_15)
FNDA:0,(anonymous_16)
FNDA:0,(anonymous_17)
FNDA:65,(anonymous_18)
FNDA:65,(anonymous_19)
FNDA:260,(anonymous_20)
FNDA:0,(anonymous_21)
FNDA:0,(anonymous_22)
FNDA:1,(anonymous_23)
DA:7,4
DA:13,4
DA:19,4
DA:23,4
DA:36,4
DA:40,4
DA:45,4
DA:54,4
DA:60,4
DA:71,4
DA:82,4
DA:88,4
DA:93,4
DA:103,1
DA:104,1
DA:110,1
DA:111,1
DA:112,1
DA:113,1
DA:114,1
DA:115,1
DA:116,1
DA:117,1
DA:118,1
DA:119,1
DA:124,262
DA:128,0
DA:132,262
DA:136,2
DA:140,2
DA:145,2
DA:146,2
DA:147,2
DA:148,4
DA:150,2
DA:154,2
DA:155,2
DA:156,2
DA:157,61
DA:159,2
DA:163,2
DA:164,2
DA:165,2
DA:166,2
DA:167,2
DA:168,2
DA:169,65
DA:170,65
DA:171,10
DA:172,10
DA:175,2
DA:180,2
DA:181,14
DA:185,2
DA:186,2
DA:187,2
DA:188,10
DA:190,65
DA:191,0
DA:192,0
DA:196,65
DA:197,0
DA:198,65
DA:199,0
DA:200,65
DA:201,4
DA:203,61
DA:204,0
DA:215,0
DA:216,0
DA:223,0
DA:224,0
DA:233,65
DA:235,65
DA:236,65
DA:237,0
DA:238,0
DA:239,0
DA:240,0
DA:241,0
DA:242,0
DA:243,0
DA:246,65
DA:250,65
DA:252,65
DA:253,65
DA:254,65
DA:255,65
DA:256,65
DA:257,65
DA:258,65
DA:259,0
DA:262,65
DA:266,260
DA:267,88
DA:269,260
DA:270,260
DA:271,260
DA:272,260
DA:273,260
DA:275,260
DA:276,260
DA:277,260
DA:281,0
DA:282,0
DA:283,0
DA:284,0
DA:285,0
DA:286,0
DA:287,0
DA:290,0
DA:296,0
DA:297,0
DA:298,0
DA:299,0
DA:300,0
DA:301,0
DA:302,0
DA:303,0
DA:304,0
DA:305,0
DA:312,1
DA:313,1
LF:123
LH:87
BRDA:170,0,0,10
BRDA:170,0,1,55
BRDA:170,1,0,65
BRDA:170,1,1,57
BRDA:190,2,0,0
BRDA:190,2,1,65
BRDA:196,3,0,0
BRDA:196,3,1,65
BRDA:196,4,0,65
BRDA:196,4,1,65
BRDA:198,5,0,0
BRDA:198,5,1,65
BRDA:200,6,0,4
BRDA:200,6,1,61
BRDA:242,7,0,0
BRDA:242,7,1,0
BRDA:242,8,0,0
BRDA:242,8,1,0
BRDA:253,9,0,65
BRDA:253,9,1,0
BRDA:253,10,0,65
BRDA:253,10,1,65
BRDA:258,11,0,0
BRDA:258,11,1,65
BRDA:266,12,0,88
BRDA:266,12,1,172
BRDA:272,13,0,260
BRDA:272,13,1,0
BRDA:286,14,0,0
BRDA:286,14,1,0
BRDA:298,15,0,0
BRDA:298,15,1,0
BRDA:299,16,0,0
BRDA:299,16,1,0
BRDA:299,17,0,0
BRDA:299,17,1,0
BRDA:301,18,0,0
BRDA:301,18,1,0
BRDA:301,19,0,0
BRDA:301,19,1,0
BRDA:304,20,0,0
BRDA:304,20,1,0
BRDA:304,21,0,0
BRDA:304,21,1,0
BRF:44
BRH:18
end_of_record
TN:
SF:client/src/components/calendarPopUp.jsx
FN:41,(anonymous_0)
FNF:1
FNH:1
FNDA:1,(anonymous_0)
DA:8,3
DA:13,3
DA:19,3
DA:28,3
DA:31,3
DA:34,3
DA:41,3
DA:42,1
DA:43,1
DA:44,1
LF:10
LH:10
BRF:0
BRH:0
end_of_record
TN:
SF:client/src/components/checkIn.jsx
FN:18,(anonymous_0)
FNF:1
FNH:1
FNDA:3,(anonymous_0)
DA:4,5
DA:11,5
DA:18,5
DA:19,3
DA:20,3
LF:5
LH:5
BRF:0
BRH:0
end_of_record
TN:
SF:client/src/components/checkOut.jsx
FN:18,(anonymous_0)
FNF:1
FNH:1
FNDA:3,(anonymous_0)
DA:4,5
DA:11,5
DA:18,5
DA:19,3
DA:20,3
LF:5
LH:5
BRF:0
BRH:0
end_of_record
TN:
SF:client/src/components/closeButton.jsx
FN:24,(anonymous_0)
FNF:1
FNH:1
FNDA:2,(anonymous_0)
DA:4,4
DA:11,4
DA:24,4
DA:25,2
DA:26,2
LF:5
LH:5
BRF:0
BRH:0
end_of_record
TN:
SF:client/src/components/datePicker.jsx
FN:13,(anonymous_0)
FNF:1
FNH:1
FNDA:2,(anonymous_0)
DA:7,2
DA:13,2
DA:14,2
DA:15,2
DA:25,2
LF:5
LH:5
BRF:0
BRH:0
end_of_record
TN:
SF:client/src/components/guest.jsx
FN:28,(anonymous_0)
FN:29,(anonymous_1)
FN:45,(anonymous_2)
FNF:3
FNH:3
FNDA:3,(anonymous_0)
FNDA:3,(anonymous_1)
FNDA:3,(anonymous_2)
DA:6,2
DA:12,2
DA:20,2
DA:28,2
DA:29,3
DA:30,3
DA:31,3
DA:32,0
DA:38,3
DA:45,3
DA:46,3
DA:47,0
DA:48,0
DA:49,0
DA:50,0
DA:51,0
DA:63,3
DA:64,3
DA:79,2
LF:19
LH:13
BRDA:31,0,0,0
BRDA:31,0,1,3
BRDA:46,1,0,0
BRDA:46,1,1,3
BRF:4
BRH:2
end_of_record
TN:
SF:client/src/components/guestDropdown.jsx
FN:43,(anonymous_0)
FN:52,(anonymous_1)
FN:56,(anonymous_2)
FN:65,(anonymous_3)
FN:69,(anonymous_4)
FN:78,(anonymous_5)
FN:82,(anonymous_6)
FNF:7
FNH:3
FNDA:3,(anonymous_0)
FNDA:0,(anonymous_1)
FNDA:1,(anonymous_2)
FNDA:1,(anonymous_3)
FNDA:0,(anonymous_4)
FNDA:0,(anonymous_5)
FNDA:0,(anonymous_6)
DA:5,3
DA:10,3
DA:15,3
DA:21,3
DA:26,3
DA:38,3
DA:43,3
DA:44,3
DA:45,3
DA:46,3
DA:47,3
DA:52,0
DA:56,1
DA:65,1
DA:69,0
DA:78,0
DA:82,0
DA:93,3
LF:18
LH:14
BRF:0
BRH:0
end_of_record
TN:
SF:client/src/components/modal.jsx
FN:31,(anonymous_0)
FN:34,(anonymous_1)
FNF:2
FNH:2
FNDA:2,(anonymous_0)
FNDA:2,(anonymous_1)
DA:5,2
DA:12,2
DA:15,2
DA:18,2
DA:31,2
DA:32,2
DA:33,2
DA:34,2
DA:35,2
DA:36,0
DA:52,2
DA:57,2
LF:12
LH:11
BRDA:35,0,0,0
BRDA:35,0,1,2
BRF:2
BRH:1
end_of_record
TN:
SF:client/src/components/icons/leftArrowSVG.jsx
FN:11,(anonymous_0)
FNF:1
FNH:1
FNDA:1,(anonymous_0)
DA:4,5
DA:11,5
DA:12,1
LF:3
LH:3
BRF:0
BRH:0
end_of_record
TN:
SF:client/src/components/icons/rightArrowSVG.jsx
FN:11,(anonymous_0)
FNF:1
FNH:1
FNDA:1,(anonymous_0)
DA:4,5
DA:11,5
DA:12,1
LF:3
LH:3
BRF:0
BRH:0
end_of_record
TN:
SF:db/index.js
FNF:0
FNH:0
DA:1,1
DA:4,1
LF:2
LH:2
BRF:0
BRH:0
end_of_record
TN:
SF:server/index.js
FN:10,(anonymous_0)
FN:13,(anonymous_1)
FN:18,(anonymous_2)
FN:30,(anonymous_3)
FNF:4
FNH:3
FNDA:1,(anonymous_0)
FNDA:1,(anonymous_1)
FNDA:1,(anonymous_2)
FNDA:0,(anonymous_3)
DA:1,1
DA:2,1
DA:3,1
DA:5,1
DA:7,1
DA:10,1
DA:11,1
DA:12,1
DA:13,1
DA:14,1
DA:15,0
DA:17,1
DA:18,1
DA:19,1
DA:20,0
DA:22,1
DA:23,1
DA:30,1
DA:31,0
DA:32,0
DA:35,1
LF:21
LH:17
BRDA:14,0,0,0
BRDA:14,0,1,1
BRDA:19,1,0,0
BRDA:19,1,1,1
BRF:4
BRH:2
end_of_record
