TN:
SF:client/src/components/app.jsx
FN:61,(anonymous_0)
FN:81,(anonymous_1)
FN:85,(anonymous_2)
FN:87,(anonymous_3)
FN:100,(anonymous_4)
FN:106,(anonymous_5)
FN:134,(anonymous_6)
FNF:7
FNH:4
FNDA:1,(anonymous_0)
FNDA:1,(anonymous_1)
FNDA:1,(anonymous_2)
FNDA:0,(anonymous_3)
FNDA:0,(anonymous_4)
FNDA:0,(anonymous_5)
FNDA:1,(anonymous_6)
DA:7,1
DA:15,1
DA:19,1
DA:23,1
DA:27,1
DA:31,1
DA:36,1
DA:41,1
DA:46,1
DA:52,1
DA:62,1
DA:63,1
DA:76,1
DA:77,1
DA:78,1
DA:82,1
DA:86,1
DA:88,0
DA:89,0
DA:101,0
DA:107,0
DA:110,0
DA:111,0
DA:112,0
DA:114,0
DA:115,0
DA:117,0
DA:118,0
DA:120,0
DA:135,1
DA:136,1
DA:137,1
DA:138,1
DA:139,1
DA:140,1
DA:141,1
DA:142,1
DA:143,1
LF:38
LH:26
BRDA:110,0,0,0
BRDA:110,0,1,0
BRDA:114,1,0,0
BRDA:114,1,1,0
BRF:4
BRH:0
end_of_record
TN:
SF:client/src/components/guest.jsx
FN:22,(anonymous_0)
FN:23,(anonymous_1)
FN:39,(anonymous_2)
FNF:3
FNH:3
FNDA:3,(anonymous_0)
FNDA:3,(anonymous_1)
FNDA:3,(anonymous_2)
DA:6,2
DA:11,2
DA:17,2
DA:22,2
DA:23,3
DA:24,3
DA:25,3
DA:26,0
DA:32,3
DA:39,3
DA:40,3
DA:41,0
DA:42,0
DA:43,0
DA:44,0
DA:45,0
DA:56,3
DA:57,3
DA:72,2
LF:19
LH:13
BRDA:25,0,0,0
BRDA:25,0,1,3
BRDA:40,1,0,0
BRDA:40,1,1,3
BRF:4
BRH:2
end_of_record
TN:
SF:client/src/components/guestDropdown.jsx
FN:25,(anonymous_0)
FN:34,(anonymous_1)
FN:36,(anonymous_2)
FN:43,(anonymous_3)
FN:45,(anonymous_4)
FN:52,(anonymous_5)
FN:54,(anonymous_6)
FNF:7
FNH:2
FNDA:2,(anonymous_0)
FNDA:0,(anonymous_1)
FNDA:1,(anonymous_2)
FNDA:0,(anonymous_3)
FNDA:0,(anonymous_4)
FNDA:0,(anonymous_5)
FNDA:0,(anonymous_6)
DA:5,3
DA:10,3
DA:13,3
DA:16,3
DA:20,3
DA:25,3
DA:26,2
DA:27,2
DA:28,2
DA:29,2
DA:34,0
DA:36,1
DA:43,0
DA:45,0
DA:52,0
DA:54,0
DA:63,3
LF:17
LH:12
BRF:0
BRH:0
end_of_record
